Starting net.minecraft.server.Main
[19:49:57] [ServerMain/INFO]: Environment: Environment[sessionHost=https://sessionserver.mojang.com, servicesHost=https://api.minecraftservices.com, name=PROD]
[19:49:59] [ServerMain/INFO]: Loaded 7 recipes
[19:49:59] [ServerMain/INFO]: Loaded 1271 advancements
[19:50:00] [Server thread/INFO]: Starting minecraft server version 1.20.4
[19:50:00] [Server thread/INFO]: Loading properties
[19:50:00] [Server thread/INFO]: Default game type: SURVIVAL
[19:50:00] [Server thread/INFO]: Generating keypair
[19:50:00] [Server thread/INFO]: Starting Minecraft server on *:10586
[19:50:00] [Server thread/INFO]: Using default channel type
[19:50:00] [Server thread/WARN]: **** SERVER IS RUNNING IN OFFLINE/INSECURE MODE!
[19:50:00] [Server thread/WARN]: The server will make no attempt to authenticate usernames. Beware.
[19:50:00] [Server thread/WARN]: While this makes the game possible to play without internet access, it also opens up the ability for hackers to connect with any username they choose.
[19:50:00] [Server thread/WARN]: To change this, set "online-mode" to "true" in the server.properties file.
[19:50:00] [Server thread/INFO]: Preparing level "world"
[19:50:04] [Server thread/INFO]: Preparing start region for dimension minecraft:overworld
[19:50:13] [Worker-Main-3/INFO]: Preparing spawn area: 0%
[19:50:13] [Worker-Main-3/INFO]: Preparing spawn area: 0%
[19:50:13] [Worker-Main-3/INFO]: Preparing spawn area: 0%
[19:50:13] [Worker-Main-3/INFO]: Preparing spawn area: 0%
[19:50:13] [Worker-Main-3/INFO]: Preparing spawn area: 0%
[19:50:13] [Worker-Main-3/INFO]: Preparing spawn area: 0%
[19:50:13] [Worker-Main-3/INFO]: Preparing spawn area: 0%
[19:50:13] [Worker-Main-3/INFO]: Preparing spawn area: 0%
[19:50:13] [Worker-Main-3/INFO]: Preparing spawn area: 0%
[19:50:13] [Worker-Main-3/INFO]: Preparing spawn area: 0%
[19:50:13] [Worker-Main-3/INFO]: Preparing spawn area: 0%
[19:50:13] [Worker-Main-3/INFO]: Preparing spawn area: 0%
[19:50:13] [Worker-Main-3/INFO]: Preparing spawn area: 0%
[19:50:13] [Worker-Main-3/INFO]: Preparing spawn area: 0%
[19:50:13] [Worker-Main-3/INFO]: Preparing spawn area: 0%
[19:50:13] [Worker-Main-3/INFO]: Preparing spawn area: 0%
[19:50:13] [Worker-Main-3/INFO]: Preparing spawn area: 0%
[19:50:13] [Worker-Main-3/INFO]: Preparing spawn area: 0%
[19:50:13] [Worker-Main-3/INFO]: Preparing spawn area: 0%
[19:50:13] [Worker-Main-3/INFO]: Preparing spawn area: 0%
[19:50:14] [Worker-Main-3/INFO]: Preparing spawn area: 0%
[19:50:14] [Worker-Main-3/INFO]: Preparing spawn area: 0%
[19:50:15] [Worker-Main-1/INFO]: Preparing spawn area: 0%
[19:50:15] [Worker-Main-1/INFO]: Preparing spawn area: 32%
[19:50:16] [Server thread/INFO]: Time elapsed: 12105 ms
[19:50:16] [Server thread/INFO]: Done (15.306s)! For help, type "help"
[19:50:16] [Server thread/INFO]: Starting remote control listener
[19:50:16] [Server thread/INFO]: Thread RCON Listener started
[19:50:16] [Server thread/INFO]: RCON running on 0.0.0.0:10587
[19:50:16] [Server thread/INFO]: Diane[/90.70.168.221:49290] logged in with entity id 201 at (879.3899534531323, 79.0, 818.0787936427762)
[19:50:16] [Server thread/INFO]: Diane joined the game
[19:50:18] [Server thread/WARN]: Can't keep up! Is the server overloaded? Running 2438ms or 48 ticks behind
[19:51:31] [Server thread/INFO]: Diane has made the advancement [Ice Bucket Challenge]
[19:58:22] [Server thread/INFO]: Diane drowned
[19:58:32] [Server thread/INFO]: Diane lost connection: Disconnected
[19:58:32] [Server thread/INFO]: Diane left the game
[13:00:44] [Server thread/INFO]: Diane[/90.70.168.221:49225] logged in with entity id 3020 at (878.9773697610013, 79.0, 818.5132759241927)
[13:00:44] [Server thread/INFO]: Diane joined the game
[13:00:49] [Server thread/WARN]: Can't keep up! Is the server overloaded? Running 5659ms or 113 ticks behind
[13:11:05] [Server thread/INFO]: Diane fell from a high place
[13:13:09] [Server thread/INFO]: Diane was shot by Stray
[13:13:11] [Server thread/WARN]: Diane moved too quickly! -662.1999999880791,17.0,407.8271625674131
[13:13:11] [Server thread/WARN]: Diane moved too quickly! -662.1999999880791,17.0,407.8271625674131
[13:16:58] [Server thread/INFO]: Diane fell from a high place
[13:16:59] [Server thread/WARN]: Diane moved too quickly! 56.84377390269509,31.0,-1.7096028490491335
[13:19:13] [Server thread/WARN]: Can't keep up! Is the server overloaded? Running 11976ms or 239 ticks behind
[13:19:30] [Server thread/INFO]: Diane fell from a high place
[13:28:54] [Server thread/WARN]: Can't keep up! Is the server overloaded? Running 3955ms or 79 ticks behind
[13:29:14] [Server thread/INFO]: Diane fell from a high place
[13:29:51] [Server thread/INFO]: Diane fell from a high place
[13:30:17] [Server thread/INFO]: Diane fell from a high place
[13:33:42] [Server thread/INFO]: Diane tried to swim in lava
[13:36:19] [Server thread/INFO]: Diane fell from a high place
[13:40:02] [Server thread/INFO]: Diane tried to swim in lava
[13:47:24] [Server thread/INFO]: Diane fell off some twisting vines
[13:52:36] [Server thread/INFO]: Diane was slain by Enderman
[13:56:06] [Server thread/INFO]: Diane has made the advancement [A Terrible Fortress]
[14:02:50] [Server thread/INFO]: JooKyy_EU[/88.170.193.62:49397] logged in with entity id 19495 at (-187.63136468762724, 67.0, 1677.4464152801484)
[14:02:50] [Server thread/INFO]: JooKyy_EU joined the game
[14:02:52] [Server thread/WARN]: Can't keep up! Is the server overloaded? Running 2776ms or 55 ticks behind
[14:02:56] [Server thread/INFO]: [Not Secure] <Diane> cc cv
[14:03:11] [Server thread/INFO]: [Not Secure] <JooKyy_EU> cc bien et toi
[14:03:59] [Server thread/INFO]: Diane was slain by Wither Skeleton
[14:04:07] [Server thread/INFO]: Diane lost connection: Disconnected
[14:04:07] [Server thread/INFO]: Diane left the game
[14:05:21] [Server thread/INFO]: Pavel[/90.70.168.221:49338] logged in with entity id 20653 at (67.10410240836777, 78.0, 1295.075444595924)
[14:05:21] [Server thread/INFO]: Pavel joined the game
[14:05:29] [Server thread/INFO]: [Not Secure] <Pavel> cc cv
[14:05:46] [Server thread/INFO]: [Not Secure] <JooKyy_EU> cc bien et toi
[14:05:54] [Server thread/INFO]: [Not Secure] <Pavel> oui merci
[14:07:31] [Server thread/INFO]: Pavel was slain by Zombified Piglin
[14:14:57] [Server thread/INFO]: Pavel was slain by Zombified Piglin
[14:15:26] [Server thread/INFO]: [Not Secure] <Pavel> tu a des baton de bleiz
[14:19:06] [Server thread/INFO]: [Not Secure] <Pavel> tu as des baton de bleyzz
[14:19:31] [Server thread/INFO]: [Not Secure] <JooKyy_EU> non je ne crois pas
[14:19:57] [Server thread/INFO]: [Not Secure] <Pavel> ha ok
[14:28:05] [Server thread/INFO]: [Not Secure] <Pavel> tfq
[14:37:32] [Server thread/INFO]: Pavel has made the advancement [The Parrots and the Bats]
[14:40:17] [Server thread/INFO]: JooKyy_EU lost connection: Disconnected
[14:40:17] [Server thread/INFO]: JooKyy_EU left the game
[14:57:38] [Server thread/INFO]: Pavel tried to swim in lava
[15:07:15] [Server thread/WARN]: Mismatch in destroy block pos: hx{x=-36, y=46, z=210} hx{x=-36, y=45, z=210}
[15:07:15] [Server thread/WARN]: Mismatch in destroy block pos: hx{x=-36, y=46, z=210} hx{x=-36, y=45, z=210}
[15:07:15] [Server thread/WARN]: Mismatch in destroy block pos: hx{x=-36, y=46, z=210} hx{x=-36, y=45, z=210}
[15:07:15] [Server thread/WARN]: Mismatch in destroy block pos: hx{x=-36, y=46, z=210} hx{x=-36, y=45, z=210}
[15:10:22] [Server thread/INFO]: Pavel lost connection: Disconnected
[15:10:22] [Server thread/INFO]: Pavel left the game
[15:10:56] [Server thread/INFO]: Diane[/90.70.168.221:49492] logged in with entity id 39190 at (73.5, 74.0, 1280.5)
[15:10:56] [Server thread/INFO]: Diane joined the game
[15:15:23] [Server thread/INFO]: [Not Secure] <Diane> cc cv ma celine
[15:15:34] [Server thread/INFO]: [Not Secure] <Diane> pavel est con
[15:19:01] [Server thread/INFO]: Diane fell from a high place
[15:31:53] [Server thread/INFO]: Diane was doomed to fall by Skeleton
[15:39:29] [Server thread/INFO]: Diane has made the advancement [Not Today, Thank You]
[15:51:51] [Server thread/INFO]: Diane was slain by Zombie
[15:51:58] [Server thread/INFO]: Diane lost connection: Disconnected
[15:51:58] [Server thread/INFO]: Diane left the game
[15:54:33] [Server thread/INFO]: Pavel[/90.70.168.221:49232] logged in with entity id 48053 at (-94.0811957918193, 33.0, 157.19180375477404)
[15:54:33] [Server thread/INFO]: Pavel joined the game
[15:58:15] [Server thread/INFO]: Pavel burned to death
[16:05:41] [Server thread/INFO]: Villager cev['Librarian'/49061, l='ServerLevel[world]', x=-48.70, y=63.00, z=1345.30] died, message: 'Librarian was slain by Pavel'
[16:12:28] [Server thread/INFO]: Pavel lost connection: Disconnected
[16:12:28] [Server thread/INFO]: Pavel left the game
[17:11:31] [Server thread/INFO]: Diane[/90.70.168.221:50243] logged in with entity id 51401 at (76.84693386395004, 74.0, 1277.6219604338055)
[17:11:31] [Server thread/INFO]: Diane joined the game
[17:16:14] [Server thread/INFO]: Diane went up in flames
[18:05:02] [Server thread/INFO]: Diane lost connection: Disconnected
[18:05:02] [Server thread/INFO]: Diane left the game
[18:05:51] [Server thread/INFO]: Pavel[/90.70.168.221:51839] logged in with entity id 60561 at (-48.38513469905888, 63.0, 1346.2237183280154)
[18:05:51] [Server thread/INFO]: Pavel joined the game
[18:12:07] [Server thread/INFO]: Pavel tried to swim in lava
[18:17:26] [Server thread/INFO]: Pavel has made the advancement [This Boat Has Legs]
[18:22:03] [Server thread/INFO]: Pavel has made the advancement [Not Today, Thank You]
[18:27:38] [Server thread/INFO]: Pavel has made the advancement [Into Fire]
[18:28:41] [Server thread/INFO]: Pavel tried to swim in lava
[18:40:10] [Server thread/INFO]: Pavel has made the advancement [Local Brewery]
[18:45:09] [Server thread/WARN]: Mismatch in destroy block pos: hx{x=101, y=43, z=101} hx{x=100, y=41, z=103}
[18:45:09] [Server thread/WARN]: Mismatch in destroy block pos: hx{x=101, y=43, z=101} hx{x=100, y=41, z=103}
[18:45:09] [Server thread/WARN]: Mismatch in destroy block pos: hx{x=101, y=43, z=101} hx{x=100, y=41, z=103}
[18:45:09] [Server thread/WARN]: Mismatch in destroy block pos: hx{x=101, y=43, z=101} hx{x=100, y=41, z=103}
[18:45:09] [Server thread/WARN]: Mismatch in destroy block pos: hx{x=101, y=43, z=101} hx{x=100, y=41, z=103}
[18:45:09] [Server thread/WARN]: Mismatch in destroy block pos: hx{x=101, y=43, z=101} hx{x=100, y=41, z=103}
[18:45:09] [Server thread/WARN]: Mismatch in destroy block pos: hx{x=101, y=43, z=101} hx{x=100, y=41, z=103}
[18:45:09] [Server thread/WARN]: Mismatch in destroy block pos: hx{x=101, y=43, z=101} hx{x=100, y=41, z=103}
[18:45:09] [Server thread/WARN]: Mismatch in destroy block pos: hx{x=101, y=43, z=101} hx{x=100, y=41, z=103}
[18:45:09] [Server thread/WARN]: Mismatch in destroy block pos: hx{x=101, y=43, z=101} hx{x=100, y=41, z=103}
[18:45:09] [Server thread/WARN]: Mismatch in destroy block pos: hx{x=101, y=43, z=101} hx{x=100, y=41, z=103}
[18:45:09] [Server thread/WARN]: Mismatch in destroy block pos: hx{x=101, y=43, z=101} hx{x=100, y=41, z=103}
[18:45:09] [Server thread/WARN]: Mismatch in destroy block pos: hx{x=101, y=43, z=101} hx{x=100, y=41, z=103}
[18:45:09] [Server thread/WARN]: Mismatch in destroy block pos: hx{x=101, y=43, z=101} hx{x=100, y=41, z=103}
[18:45:10] [Server thread/WARN]: Mismatch in destroy block pos: hx{x=100, y=39, z=106} hx{x=101, y=41, z=106}
[18:45:12] [Server thread/WARN]: Mismatch in destroy block pos: hx{x=100, y=36, z=107} hx{x=101, y=40, z=105}
[18:52:33] [Server thread/INFO]: Diane[/90.70.168.221:49339] logged in with entity id 69769 at (212.24197676995274, 71.0, 1226.07451402866)
[18:52:33] [Server thread/INFO]: Diane joined the game
[18:53:24] [Server thread/INFO]: Diane drowned
[18:53:25] [Server thread/WARN]: Diane moved too quickly! -132.79971334255592,14.0,72.16443673430103
[18:53:47] [Server thread/INFO]: Diane lost connection: Disconnected
[18:53:47] [Server thread/INFO]: Diane left the game
[18:53:50] [Server thread/INFO]: Diane[/90.70.168.221:49348] logged in with entity id 70887 at (73.5, 74.0, 1280.5)
[18:53:50] [Server thread/INFO]: Diane joined the game
[18:53:56] [Server thread/WARN]: Mismatch in destroy block pos: hx{x=77, y=31, z=127} hx{x=78, y=31, z=126}
[18:53:56] [Server thread/WARN]: Mismatch in destroy block pos: hx{x=77, y=31, z=127} hx{x=78, y=31, z=126}
[18:53:56] [Server thread/WARN]: Mismatch in destroy block pos: hx{x=77, y=31, z=127} hx{x=78, y=31, z=126}
[18:53:56] [Server thread/WARN]: Mismatch in destroy block pos: hx{x=77, y=31, z=127} hx{x=78, y=31, z=126}
[18:53:56] [Server thread/WARN]: Mismatch in destroy block pos: hx{x=77, y=31, z=127} hx{x=78, y=31, z=126}
[18:53:56] [Server thread/WARN]: Mismatch in destroy block pos: hx{x=77, y=31, z=127} hx{x=78, y=31, z=126}
[18:53:56] [Server thread/WARN]: Mismatch in destroy block pos: hx{x=77, y=31, z=127} hx{x=78, y=31, z=126}
[18:54:15] [Server thread/INFO]: Pavel tried to swim in lava
[18:58:18] [Server thread/INFO]: Diane has made the advancement [Local Brewery]
[19:20:57] [Server thread/INFO]: Diane tried to swim in lava
[19:22:22] [Server thread/WARN]: Can't keep up! Is the server overloaded? Running 4311ms or 86 ticks behind
[19:24:47] [Server thread/INFO]: Pavel suffocated in a wall
[19:27:40] [Server thread/INFO]: [Not Secure] <Diane> cc cv
[19:27:48] [Server thread/INFO]: [Not Secure] <Diane> ma celinette
[19:29:27] [Server thread/INFO]: Diane drowned
[19:29:30] [Server thread/WARN]: Diane moved too quickly! 75.71031824824423,16.0,-150.31479258880245
[19:29:30] [Server thread/WARN]: Diane moved too quickly! 75.71031824824423,16.0,-150.31479258880245
[19:31:24] [Server thread/INFO]: Pavel was slain by Diane
[19:31:26] [Server thread/WARN]: Pavel moved too quickly! -110.56185202155565,-14.9375,46.56570431825594
[19:31:26] [Server thread/WARN]: Pavel moved too quickly! -110.56185202155565,-14.9375,46.56570431825594
[19:31:26] [Server thread/WARN]: Pavel moved too quickly! -110.56185202155565,-14.9375,46.56570431825594
[19:31:26] [Server thread/WARN]: Pavel moved too quickly! -110.56185202155565,-14.9375,46.56570431825594
[19:31:59] [Server thread/INFO]: Diane was slain by Pavel
[19:32:00] [Server thread/WARN]: Diane moved too quickly! 103.48331548356006,10.0,-79.8949513103471
[19:38:48] [Server thread/INFO]: Diane drowned
[19:40:41] [Server thread/INFO]: Diane fell from a high place
[19:43:11] [Server thread/INFO]: Pavel burned to death
[19:51:49] [Server thread/INFO]: Diane drowned
[19:51:53] [Server thread/WARN]: Diane moved too quickly! -16.10136768281434,27.0,-161.39989439848023
[19:53:21] [Server thread/INFO]: [Not Secure] <Diane> arrete ses pas bien se que tu fait
[19:53:49] [Server thread/INFO]: [Not Secure] <Diane> si bastiens l'a mie ses pour une resont
[19:54:14] [Server thread/INFO]: [Not Secure] <Diane> ok
[19:54:21] [Server thread/INFO]: [Not Secure] <Diane> donc tu arrete
[19:55:19] [Server thread/WARN]: Mismatch in destroy block pos: hx{x=-18, y=66, z=1363} hx{x=-19, y=66, z=1364}
[19:55:19] [Server thread/WARN]: Mismatch in destroy block pos: hx{x=-18, y=66, z=1363} hx{x=-19, y=66, z=1364}
[20:08:44] [Server thread/INFO]: Pavel was slain by Diane
[20:08:46] [Server thread/WARN]: Pavel moved too quickly! -15.88671151894015,-0.9375,-2.4191338047951376
[20:08:46] [Server thread/WARN]: Pavel moved too quickly! -15.88671151894015,-0.9375,-2.4191338047951376
[20:15:43] [Server thread/INFO]: Pavel lost connection: Disconnected
[20:15:43] [Server thread/INFO]: Pavel left the game
[20:17:25] [Server thread/INFO]: Diane lost connection: Disconnected
[20:17:25] [Server thread/INFO]: Diane left the game
[15:56:21] [Server thread/INFO]: Pavel[/90.70.168.221:50327] logged in with entity id 93606 at (-15.303456851385073, 66.0, 1369.0418582742814)
[15:56:23] [Server thread/INFO]: Pavel joined the game
[15:56:23] [Server thread/WARN]: Can't keep up! Is the server overloaded? Running 5392ms or 107 ticks behind
[16:15:03] [Server thread/INFO]: Pavel tried to swim in lava
[16:15:37] [Server thread/WARN]: Can't keep up! Is the server overloaded? Running 7030ms or 140 ticks behind
[16:18:22] [Server thread/INFO]: Pavel went up in flames
[16:30:44] [Server thread/INFO]: Pavel was shot by Skeleton
[16:30:45] [Server thread/WARN]: Pavel moved too quickly! -0.800000011920929,79.0625,34.44219791482283
[16:30:45] [Server thread/WARN]: Pavel moved too quickly! -0.800000011920929,79.0625,34.44219791482283
[17:09:52] [Server thread/WARN]: Can't keep up! Is the server overloaded? Running 4483ms or 89 ticks behind
[17:26:02] [Server thread/INFO]: Pavel tried to swim in lava
[17:28:04] [Server thread/INFO]: Pavel lost connection: Disconnected
[17:28:04] [Server thread/INFO]: Pavel left the game
[17:35:56] [Server thread/INFO]: Pavel[/90.70.168.221:49273] logged in with entity id 112406 at (-22.025454044079883, 63.0, 1325.1105149057182)
[17:35:56] [Server thread/INFO]: Pavel joined the game
[18:03:20] [Server thread/WARN]: Mismatch in destroy block pos: hx{x=-637, y=-51, z=1246} hx{x=-637, y=-53, z=1246}
[18:04:46] [Server thread/INFO]: Pavel tried to swim in lava
[18:04:49] [Server thread/WARN]: Pavel moved too quickly! 595.3251399172165,118.0625,100.45369754164744
[18:16:29] [Server thread/INFO]: Pavel fell from a high place
[18:28:07] [Server thread/INFO]: Pavel tried to swim in lava
[19:12:11] [Server thread/INFO]: Pavel fell from a high place
[19:12:13] [Server thread/WARN]: Pavel moved too quickly! 118.45701155213268,-6.9375,46.28869224645473
[19:16:54] [Server thread/INFO]: Pavel drowned
[19:16:55] [Server thread/WARN]: Pavel moved too quickly! 3.1249831202881495,5.043662087711986,27.95371196923452
[19:26:48] [Server thread/INFO]: Pavel lost connection: Disconnected
[19:26:48] [Server thread/INFO]: Pavel left the game
[20:18:58] [Server thread/INFO]: Diane[/90.70.168.221:49183] logged in with entity id 135464 at (70.30000001192093, 74.0, 1282.0304728759281)
[20:18:58] [Server thread/INFO]: Diane joined the game
[20:19:12] [Server thread/WARN]: Can't keep up! Is the server overloaded? Running 4578ms or 91 ticks behind
[20:57:41] [Server thread/INFO]: Diane lost connection: Disconnected
[20:57:41] [Server thread/INFO]: Diane left the game
[15:28:51] [Server thread/INFO]: RononZra[/88.173.195.61:44522] logged in with entity id 143156 at (44.68013904309172, 84.0, 1321.9843229235726)
[15:28:51] [Server thread/INFO]: RononZra joined the game
[15:28:51] [Server thread/WARN]: Can't keep up! Is the server overloaded? Running 2204ms or 44 ticks behind
[15:29:29] [Server thread/INFO]: [RononZra: Set own game mode to Spectator Mode]
[15:30:07] [Server thread/INFO]: [RononZra: Set own game mode to Survival Mode]
[15:30:26] [Server thread/INFO]: [RononZra: Set own game mode to Spectator Mode]
[15:31:11] [Server thread/WARN]: RononZra moved too quickly! 7.703714370902506,0.020548424051980874,-7.232632040535236
[15:34:49] [Server thread/INFO]: [RononZra: Set own game mode to Survival Mode]
[15:45:14] [Server thread/INFO]: [RononZra: Set own game mode to Spectator Mode]
[15:45:16] [Server thread/INFO]: [RononZra: Set own game mode to Creative Mode]
[15:45:25] [Server thread/INFO]: [RononZra: Set own game mode to Survival Mode]
[15:54:44] [Server thread/INFO]: [RononZra: Set own game mode to Spectator Mode]
[15:54:54] [Server thread/INFO]: [RononZra: Set own game mode to Survival Mode]
[15:58:40] [Server thread/INFO]: [RononZra: Set own game mode to Creative Mode]
[15:58:43] [Server thread/INFO]: [RononZra: Set own game mode to Survival Mode]
[16:05:50] [Server thread/INFO]: [RononZra: Set own game mode to Creative Mode]
[16:06:07] [Server thread/INFO]: [RononZra: Set own game mode to Survival Mode]
[16:17:11] [Server thread/INFO]: [RononZra: Set own game mode to Creative Mode]
[16:18:01] [Server thread/INFO]: [RononZra: Set own game mode to Survival Mode]
[16:19:54] [Server thread/INFO]: [RononZra: Set own game mode to Creative Mode]
[16:20:04] [Server thread/INFO]: [RononZra: Set own game mode to Survival Mode]
[16:20:38] [Server thread/INFO]: [RononZra: Set own game mode to Creative Mode]
[16:20:51] [Server thread/INFO]: [RononZra: Set own game mode to Survival Mode]
[16:22:53] [Server thread/INFO]: [RononZra: Set own game mode to Creative Mode]
[16:23:00] [Server thread/INFO]: [RononZra: Set own game mode to Survival Mode]
[16:25:18] [Server thread/INFO]: [RononZra: Set own game mode to Creative Mode]
[16:25:19] [Server thread/INFO]: [RononZra: Set own game mode to Spectator Mode]
[16:25:34] [Server thread/INFO]: [RononZra: Set own game mode to Creative Mode]
[16:25:35] [Server thread/INFO]: [RononZra: Set own game mode to Survival Mode]
[16:26:48] [Server thread/INFO]: [RononZra: Set own game mode to Spectator Mode]
[16:26:52] [Server thread/INFO]: [RononZra: Set own game mode to Survival Mode]
[16:27:44] [Server thread/INFO]: [RononZra: Set own game mode to Spectator Mode]
[16:27:45] [Server thread/INFO]: [RononZra: Set own game mode to Creative Mode]
[16:27:49] [Server thread/INFO]: [RononZra: Set own game mode to Survival Mode]
[16:38:32] [Server thread/INFO]: [RononZra: Set own game mode to Creative Mode]
[16:39:30] [Server thread/INFO]: [RononZra: Set own game mode to Survival Mode]
[16:44:08] [Server thread/INFO]: RononZra lost connection: Disconnected
[16:44:08] [Server thread/INFO]: RononZra left the game
[19:02:39] [Server thread/INFO]: Pavel[/90.70.168.221:50210] logged in with entity id 161099 at (-38.57340990328421, 63.0, 1346.512499988079)
[19:02:39] [Server thread/INFO]: Pavel joined the game
[19:10:17] [Server thread/INFO]: Pavel fell from a high place
[19:14:52] [Server thread/INFO]: Pavel fell from a high place
[19:14:55] [Server thread/WARN]: Pavel moved too quickly! -10.199999988079071,117.0625,-5.086195432865225
[19:14:55] [Server thread/WARN]: Pavel moved too quickly! -10.199999988079071,117.0625,-5.086195432865225
[19:17:29] [Server thread/WARN]: Mismatch in destroy block pos: hx{x=-167, y=-50, z=1351} hx{x=-167, y=-49, z=1353}
[19:17:29] [Server thread/WARN]: Mismatch in destroy block pos: hx{x=-167, y=-50, z=1351} hx{x=-167, y=-49, z=1353}
[19:17:29] [Server thread/WARN]: Mismatch in destroy block pos: hx{x=-168, y=-50, z=1351} hx{x=-167, y=-49, z=1353}
[19:17:36] [Server thread/WARN]: Mismatch in destroy block pos: hx{x=-169, y=-51, z=1349} hx{x=-171, y=-51, z=1351}
[19:23:48] [Server thread/INFO]: Pavel was shot by Skeleton
[19:23:49] [Server thread/WARN]: Pavel moved too quickly! 546.8043750119209,106.0625,-39.78243487219561
[19:23:49] [Server thread/WARN]: Pavel moved too quickly! 546.8043750119209,106.0625,-39.78243487219561
[19:26:21] [Server thread/WARN]: Can't keep up! Is the server overloaded? Running 4757ms or 95 ticks behind
[19:27:24] [Server thread/INFO]: Pavel was slain by Zombified Piglin
[19:29:45] [Server thread/INFO]: Pavel went up in flames
[19:46:36] [Server thread/WARN]: Mismatch in destroy block pos: hx{x=-59, y=-55, z=1354} hx{x=-58, y=-56, z=1354}
[19:51:48] [Server thread/WARN]: Mismatch in destroy block pos: hx{x=-648, y=-49, z=1343} hx{x=-649, y=-50, z=1342}
[19:51:48] [Server thread/WARN]: Mismatch in destroy block pos: hx{x=-648, y=-49, z=1343} hx{x=-649, y=-50, z=1342}
[19:51:48] [Server thread/WARN]: Mismatch in destroy block pos: hx{x=-648, y=-49, z=1344} hx{x=-649, y=-50, z=1342}
[19:51:49] [Server thread/WARN]: Mismatch in destroy block pos: hx{x=-648, y=-50, z=1343} hx{x=-649, y=-51, z=1343}
[19:51:49] [Server thread/WARN]: Mismatch in destroy block pos: hx{x=-648, y=-50, z=1343} hx{x=-649, y=-51, z=1343}
[19:58:01] [Server thread/WARN]: Mismatch in destroy block pos: hx{x=-675, y=-45, z=1337} hx{x=-675, y=-47, z=1336}
[19:58:15] [Server thread/WARN]: Mismatch in destroy block pos: hx{x=-676, y=-44, z=1341} hx{x=-676, y=-46, z=1340}
[20:01:28] [Server thread/INFO]: Pavel suffocated in a wall
[20:01:32] [Server thread/WARN]: Pavel moved too quickly! 543.1999999880791,106.0625,34.19999998807907
[20:01:32] [Server thread/WARN]: Pavel moved too quickly! 543.1999999880791,106.0625,34.19999998807907
[20:10:14] [Server thread/INFO]: Pavel lost connection: Disconnected
[20:10:14] [Server thread/INFO]: Pavel left the game
[20:13:52] [Server thread/INFO]: Diane[/90.70.168.221:50278] logged in with entity id 177671 at (2.272762357681046, 65.0, 1281.6544011912595)
[20:13:52] [Server thread/INFO]: Diane joined the game
[21:00:05] [Server thread/INFO]: RononZra[/88.173.195.61:40150] logged in with entity id 184534 at (28.48878203173847, 64.0, 1325.5248637550592)
[21:00:05] [Server thread/INFO]: RononZra joined the game
[21:02:30] [Server thread/INFO]: [RononZra: Set own game mode to Spectator Mode]
[21:02:37] [Server thread/INFO]: [RononZra: Set own game mode to Survival Mode]
[21:10:23] [Server thread/WARN]: Can't keep up! Is the server overloaded? Running 4103ms or 82 ticks behind
[21:11:00] [Server thread/INFO]: [RononZra: Set own game mode to Spectator Mode]
[21:11:11] [Server thread/INFO]: [RononZra: Set own game mode to Survival Mode]
[21:11:45] [Server thread/INFO]: [RononZra: Set own game mode to Spectator Mode]
[21:11:46] [Server thread/INFO]: [RononZra: Set own game mode to Creative Mode]
[21:11:48] [Server thread/INFO]: [RononZra: Set own game mode to Survival Mode]
[21:12:07] [Server thread/INFO]: [RononZra: Set own game mode to Spectator Mode]
[21:12:26] [Server thread/INFO]: [RononZra: Set own game mode to Survival Mode]
[21:17:39] [Server thread/INFO]: [RononZra: Set own game mode to Spectator Mode]
[21:17:45] [Server thread/INFO]: [RononZra: Set own game mode to Survival Mode]
[21:17:54] [Server thread/INFO]: [RononZra: Set own game mode to Spectator Mode]
[21:18:00] [Server thread/INFO]: [RononZra: Set own game mode to Survival Mode]
[21:18:33] [Server thread/INFO]: Diane lost connection: Disconnected
[21:18:33] [Server thread/INFO]: Diane left the game
[21:19:46] [Server thread/INFO]: [RononZra: Set own game mode to Spectator Mode]
[21:19:57] [Server thread/INFO]: [RononZra: Set own game mode to Survival Mode]
[21:20:16] [Server thread/INFO]: [RononZra: Set own game mode to Spectator Mode]
[21:20:27] [Server thread/INFO]: [RononZra: Set own game mode to Survival Mode]
[21:20:43] [Server thread/INFO]: [RononZra: Set own game mode to Spectator Mode]
[21:20:51] [Server thread/INFO]: [RononZra: Set own game mode to Survival Mode]
[21:20:56] [Server thread/INFO]: [RononZra: Set own game mode to Creative Mode]
[21:20:57] [Server thread/INFO]: [RononZra: Set own game mode to Survival Mode]
[21:20:59] [Server thread/INFO]: [RononZra: Set own game mode to Spectator Mode]
[21:21:03] [Server thread/INFO]: [RononZra: Set own game mode to Survival Mode]
[21:21:18] [Server thread/INFO]: [RononZra: Set own game mode to Spectator Mode]
[21:21:44] [Server thread/WARN]: RononZra moved too quickly! 7.591922094749009,0.0,7.800586101062208
[21:21:54] [Server thread/INFO]: [RononZra: Set own game mode to Survival Mode]
[21:22:49] [Server thread/INFO]: [RononZra: Set own game mode to Spectator Mode]
[21:23:11] [Server thread/INFO]: [RononZra: Set own game mode to Survival Mode]
[21:24:03] [Server thread/INFO]: RononZra has made the advancement [Eye Spy]
[21:25:54] [Server thread/INFO]: [RononZra: Set own game mode to Spectator Mode]
[21:26:00] [Server thread/INFO]: [RononZra: Set own game mode to Survival Mode]
[21:26:14] [Server thread/INFO]: [RononZra: Set own game mode to Spectator Mode]
[21:26:20] [Server thread/WARN]: RononZra moved too quickly! 9.487394778248017,0.0,3.48576321796304
[21:26:24] [Server thread/INFO]: [RononZra: Set own game mode to Survival Mode]
[21:27:49] [Server thread/INFO]: [RononZra: Set own game mode to Spectator Mode]
[21:28:04] [Server thread/INFO]: [RononZra: Set own game mode to Survival Mode]
[21:29:41] [Server thread/INFO]: [RononZra: Teleported RononZra to 47.500000, 88.000000, 1307.500000]
[21:37:44] [Server thread/INFO]: [RononZra: Set own game mode to Creative Mode]
[21:37:52] [Server thread/INFO]: [RononZra: Set own game mode to Survival Mode]
[21:40:57] [Server thread/INFO]: [RononZra: Set own game mode to Creative Mode]
[21:41:23] [Server thread/INFO]: [RononZra: Set own game mode to Survival Mode]
[21:46:24] [Server thread/INFO]: [RononZra: Set own game mode to Creative Mode]
[21:46:39] [Server thread/INFO]: [RononZra: Set own game mode to Survival Mode]
[21:51:35] [Server thread/WARN]: Mismatch in destroy block pos: hx{x=1, y=128, z=156} hx{x=-5, y=69, z=1331}
[21:56:09] [Server thread/INFO]: [RononZra: Set own game mode to Creative Mode]
[21:56:15] [Server thread/INFO]: [RononZra: Set own game mode to Survival Mode]
[21:59:53] [Server thread/INFO]: RononZra has made the advancement [Hot Stuff]
[22:00:50] [Server thread/INFO]: [RononZra: Set own game mode to Creative Mode]
[22:00:54] [Server thread/INFO]: [RononZra: Set own game mode to Spectator Mode]
[22:01:07] [Server thread/INFO]: [RononZra: Set own game mode to Creative Mode]
[22:01:18] [Server thread/INFO]: [RononZra: Set own game mode to Survival Mode]
[22:03:01] [Server thread/INFO]: [RononZra: Set own game mode to Creative Mode]
[22:03:17] [Server thread/INFO]: [RononZra: Set own game mode to Survival Mode]
[22:07:22] [Server thread/INFO]: [RononZra: Set own game mode to Creative Mode]
[22:07:32] [Server thread/INFO]: [RononZra: Set own game mode to Survival Mode]
[22:10:41] [Server thread/INFO]: [RononZra: Set own game mode to Creative Mode]
[22:16:08] [Server thread/INFO]: [RononZra: Set own game mode to Survival Mode]
[22:23:23] [Server thread/INFO]: [RononZra: Set own game mode to Creative Mode]
[22:23:28] [Server thread/INFO]: [RononZra: Set own game mode to Survival Mode]
[22:25:23] [Server thread/INFO]: [RononZra: Set own game mode to Creative Mode]
[22:25:36] [Server thread/INFO]: [RononZra: Set own game mode to Survival Mode]
[22:32:53] [Server thread/INFO]: [RononZra: Set own game mode to Creative Mode]
[22:33:02] [Server thread/INFO]: [RononZra: Set own game mode to Survival Mode]
[22:34:32] [Server thread/INFO]: [RononZra: Set own game mode to Creative Mode]
[22:34:43] [Server thread/INFO]: [RononZra: Set own game mode to Survival Mode]
[22:37:21] [Server thread/INFO]: [RononZra: Set own game mode to Creative Mode]
[22:37:40] [Server thread/INFO]: [RononZra: Set own game mode to Survival Mode]
[22:43:41] [Server thread/INFO]: [RononZra: Set own game mode to Spectator Mode]
[22:43:56] [Server thread/INFO]: [RononZra: Set own game mode to Survival Mode]
[22:44:03] [Server thread/INFO]: [RononZra: Set own game mode to Creative Mode]
[22:44:11] [Server thread/INFO]: [RononZra: Set own game mode to Survival Mode]
[22:49:18] [Server thread/INFO]: [RononZra: Set own game mode to Creative Mode]
[22:50:16] [Server thread/INFO]: [RononZra: Set own game mode to Survival Mode]
[22:54:58] [Server thread/INFO]: [RononZra: Set own game mode to Creative Mode]
[22:55:05] [Server thread/INFO]: [RononZra: Set own game mode to Survival Mode]
[23:01:45] [Server thread/INFO]: [RononZra: Set own game mode to Creative Mode]
[23:01:54] [Server thread/INFO]: [RononZra: Set own game mode to Survival Mode]
[23:02:15] [Server thread/INFO]: [RononZra: Teleported RononZra to 1407.500000, 64.000000, 393.500000]
[23:02:15] [Server thread/WARN]: RononZra moved too quickly! 1377.4136979679772,0.0,-934.9801919582528
[23:02:20] [Server thread/WARN]: Can't keep up! Is the server overloaded? Running 4436ms or 88 ticks behind
[23:04:13] [Server thread/INFO]: [RononZra: Teleported RononZra to 3100.500000, 66.000000, -3593.500000]
[23:04:13] [Server thread/WARN]: RononZra moved too quickly! 1688.813805482293,-1.0,-3980.576580801815
[23:04:17] [Server thread/WARN]: Can't keep up! Is the server overloaded? Running 3986ms or 79 ticks behind
[23:04:59] [Server thread/WARN]: Mismatch in destroy block pos: hx{x=3049, y=68, z=-3582} hx{x=3049, y=69, z=-3581}
[23:04:59] [Server thread/WARN]: Mismatch in destroy block pos: hx{x=3049, y=68, z=-3582} hx{x=3049, y=69, z=-3581}
[23:04:59] [Server thread/WARN]: Mismatch in destroy block pos: hx{x=3049, y=68, z=-3582} hx{x=3049, y=69, z=-3581}
[23:04:59] [Server thread/WARN]: Mismatch in destroy block pos: hx{x=3049, y=68, z=-3582} hx{x=3049, y=69, z=-3581}
[23:04:59] [Server thread/WARN]: Mismatch in destroy block pos: hx{x=3049, y=68, z=-3582} hx{x=3049, y=69, z=-3581}
[23:07:07] [Server thread/INFO]: [RononZra: Set the time to 0]
[23:10:58] [Server thread/WARN]: Mismatch in destroy block pos: hx{x=3025, y=69, z=-3561} hx{x=3025, y=69, z=-3560}
[23:10:58] [Server thread/WARN]: Mismatch in destroy block pos: hx{x=3025, y=69, z=-3561} hx{x=3025, y=69, z=-3560}
[23:10:59] [Server thread/WARN]: Mismatch in destroy block pos: hx{x=3025, y=69, z=-3561} hx{x=3025, y=69, z=-3560}
[23:17:47] [Server thread/INFO]: [RononZra: Teleported RononZra to 47.500000, 88.000000, 1307.500000]
[23:34:36] [Server thread/INFO]: [RononZra: Set own game mode to Creative Mode]
[23:34:56] [Server thread/INFO]: [RononZra: Set own game mode to Survival Mode]
[23:45:15] [Server thread/INFO]: [RononZra: Set own game mode to Creative Mode]
[23:45:26] [Server thread/INFO]: [RononZra: Set own game mode to Survival Mode]
[23:52:47] [Server thread/INFO]: RononZra fell from a high place
[23:53:10] [Server thread/INFO]: [RononZra: Set own game mode to Creative Mode]
[23:53:29] [Server thread/INFO]: [RononZra: Set own game mode to Survival Mode]
[23:53:48] [Server thread/INFO]: [RononZra: Set own game mode to Creative Mode]
[23:53:55] [Server thread/INFO]: [RononZra: Set own game mode to Survival Mode]
[23:55:41] [Server thread/INFO]: [RononZra: Set own game mode to Creative Mode]
[23:56:17] [Server thread/INFO]: [RononZra: Set own game mode to Survival Mode]
[23:56:56] [Server thread/INFO]: [RononZra: Set own game mode to Creative Mode]
[23:57:03] [Server thread/INFO]: [RononZra: Set own game mode to Survival Mode]
[23:57:49] [Server thread/INFO]: [RononZra: Set own game mode to Creative Mode]
[23:57:55] [Server thread/INFO]: [RononZra: Set own game mode to Survival Mode]
[23:59:32] [Server thread/INFO]: [RononZra: Set own game mode to Creative Mode]
[23:59:36] [Server thread/INFO]: [RononZra: Set own game mode to Survival Mode]
[00:00:57] [Server thread/INFO]: [RononZra: Set own game mode to Creative Mode]
[00:05:08] [Server thread/INFO]: [RononZra: Set own game mode to Survival Mode]
[00:05:11] [Server thread/INFO]: [RononZra: Set own game mode to Creative Mode]
[00:10:32] [Server thread/INFO]: [RononZra: Set own game mode to Survival Mode]
[00:11:13] [Server thread/INFO]: [RononZra: Set own game mode to Creative Mode]
[00:11:37] [Server thread/INFO]: [RononZra: Set own game mode to Survival Mode]
[00:13:35] [Server thread/INFO]: [RononZra: Gave 1000 [Gold Ingot] to RononZra]
[00:14:12] [Server thread/INFO]: [RononZra: Set own game mode to Creative Mode]
[00:15:08] [Server thread/INFO]: [RononZra: Set own game mode to Spectator Mode]
[00:15:30] [Server thread/INFO]: [RononZra: Set own game mode to Creative Mode]
[00:17:43] [Server thread/INFO]: [RononZra: Gave 1000 [Gold Nugget] to RononZra]
[00:17:45] [Server thread/INFO]: [RononZra: Set own game mode to Spectator Mode]
[00:17:45] [Server thread/INFO]: [RononZra: Set own game mode to Survival Mode]
[00:17:46] [Server thread/INFO]: [RononZra: Gave 1000 [Gold Nugget] to RononZra]
[00:20:12] [Server thread/INFO]: [RononZra: Set own game mode to Creative Mode]
[00:20:19] [Server thread/INFO]: [RononZra: Set own game mode to Survival Mode]
[00:20:54] [Server thread/INFO]: [RononZra: Set own game mode to Creative Mode]
[00:21:07] [Server thread/INFO]: [RononZra: Set own game mode to Survival Mode]
[00:22:37] [Server thread/INFO]: [RononZra: Set own game mode to Creative Mode]
[00:22:41] [Server thread/INFO]: [RononZra: Set own game mode to Survival Mode]
[00:23:59] [Server thread/INFO]: [RononZra: Set own game mode to Creative Mode]
[00:25:14] [Server thread/INFO]: [RononZra: Set own game mode to Survival Mode]
[00:26:06] [Server thread/INFO]: [RononZra: Set own game mode to Spectator Mode]
[00:26:16] [Server thread/INFO]: [RononZra: Set own game mode to Survival Mode]
[00:26:23] [Server thread/INFO]: [RononZra: Set own game mode to Creative Mode]
[00:35:31] [Server thread/INFO]: [RononZra: Set own game mode to Spectator Mode]
[00:35:35] [Server thread/INFO]: [RononZra: Set own game mode to Creative Mode]
[00:35:47] [Server thread/INFO]: [RononZra: Set own game mode to Spectator Mode]
[00:35:48] [Server thread/INFO]: [RononZra: Set own game mode to Creative Mode]
[00:36:13] [Server thread/INFO]: [RononZra: Set own game mode to Spectator Mode]
[00:36:15] [Server thread/INFO]: [RononZra: Set own game mode to Creative Mode]
[00:38:27] [Server thread/INFO]: [RononZra: Set own game mode to Spectator Mode]
[00:38:30] [Server thread/INFO]: [RononZra: Set own game mode to Creative Mode]
[00:42:33] [Server thread/INFO]: [RononZra: Set own game mode to Survival Mode]
[00:43:36] [Server thread/WARN]: Mismatch in destroy block pos: hx{x=-1, y=99, z=142} hx{x=-1, y=98, z=142}
[00:43:36] [Server thread/WARN]: Mismatch in destroy block pos: hx{x=-1, y=99, z=142} hx{x=-1, y=98, z=142}
[00:43:36] [Server thread/WARN]: Mismatch in destroy block pos: hx{x=-1, y=99, z=142} hx{x=-1, y=98, z=142}
[00:43:36] [Server thread/WARN]: Mismatch in destroy block pos: hx{x=-1, y=99, z=142} hx{x=-1, y=98, z=142}
[00:43:36] [Server thread/WARN]: Mismatch in destroy block pos: hx{x=-1, y=99, z=142} hx{x=-1, y=98, z=142}
[00:43:36] [Server thread/WARN]: Mismatch in destroy block pos: hx{x=-1, y=99, z=142} hx{x=-1, y=98, z=142}
[00:43:36] [Server thread/WARN]: Mismatch in destroy block pos: hx{x=-1, y=99, z=142} hx{x=-1, y=98, z=142}
[00:43:36] [Server thread/WARN]: Mismatch in destroy block pos: hx{x=-1, y=99, z=142} hx{x=-1, y=98, z=142}
[00:43:36] [Server thread/WARN]: Mismatch in destroy block pos: hx{x=-1, y=99, z=142} hx{x=-1, y=98, z=142}
[00:43:36] [Server thread/WARN]: Mismatch in destroy block pos: hx{x=-1, y=99, z=142} hx{x=-1, y=98, z=142}
[00:43:36] [Server thread/WARN]: Mismatch in destroy block pos: hx{x=-1, y=99, z=142} hx{x=-1, y=98, z=142}
[00:43:36] [Server thread/WARN]: Mismatch in destroy block pos: hx{x=-1, y=99, z=142} hx{x=-1, y=98, z=142}
[00:43:36] [Server thread/WARN]: Mismatch in destroy block pos: hx{x=-1, y=99, z=142} hx{x=-1, y=98, z=142}
[00:43:36] [Server thread/WARN]: Mismatch in destroy block pos: hx{x=-1, y=99, z=142} hx{x=-1, y=98, z=142}
[00:43:36] [Server thread/WARN]: Mismatch in destroy block pos: hx{x=-1, y=99, z=142} hx{x=-1, y=98, z=142}
[00:43:36] [Server thread/WARN]: Mismatch in destroy block pos: hx{x=-1, y=99, z=142} hx{x=-1, y=98, z=142}
[00:43:39] [Server thread/WARN]: Mismatch in destroy block pos: hx{x=-7, y=92, z=141} hx{x=-6, y=91, z=141}
[00:43:40] [Server thread/WARN]: Mismatch in destroy block pos: hx{x=-7, y=92, z=141} hx{x=-6, y=91, z=141}
[00:43:40] [Server thread/WARN]: Mismatch in destroy block pos: hx{x=-7, y=92, z=141} hx{x=-6, y=91, z=141}
[00:43:40] [Server thread/WARN]: Mismatch in destroy block pos: hx{x=-7, y=92, z=141} hx{x=-6, y=91, z=141}
[00:43:56] [Server thread/INFO]: [RononZra: Set own game mode to Spectator Mode]
[00:44:07] [Server thread/INFO]: Locating element minecraft:nether_wastes took 683 ms
[00:44:09] [Server thread/INFO]: [RononZra: Teleported RononZra to 40.500000, 34.000000, 60.500000]
[00:44:09] [Server thread/WARN]: RononZra moved too quickly! 76.54592638611092,-0.11759293784914604,-62.70458509536098
[00:45:10] [Server thread/INFO]: Locating element minecraft:basalt_deltas took 0 ms
[00:45:13] [Server thread/INFO]: [RononZra: Teleported RononZra to 82.500000, 102.000000, -131.500000]
[00:45:13] [Server thread/WARN]: RononZra moved too quickly! 35.144728855681414,-0.988685908924964,-194.7168159193262
[00:45:13] [Server thread/WARN]: RononZra moved too quickly! 35.144728855681414,-0.988685908924964,-194.7168159193262
[00:45:24] [Server thread/INFO]: [RononZra: Set own game mode to Survival Mode]
[00:47:16] [Server thread/INFO]: [RononZra: Set own game mode to Spectator Mode]
[00:47:27] [Server thread/INFO]: [RononZra: Set own game mode to Survival Mode]
[00:53:19] [Server thread/WARN]: Mismatch in destroy block pos: hx{x=78, y=26, z=-177} hx{x=77, y=26, z=-178}
[00:53:19] [Server thread/WARN]: Mismatch in destroy block pos: hx{x=78, y=26, z=-177} hx{x=77, y=26, z=-178}
[00:54:03] [Server thread/INFO]: [RononZra: Set own game mode to Creative Mode]
[00:54:13] [Server thread/INFO]: [RononZra: Set own game mode to Survival Mode]
[00:54:20] [Server thread/INFO]: [RononZra: Set own game mode to Creative Mode]
[00:54:25] [Server thread/INFO]: [RononZra: Set own game mode to Survival Mode]
[00:56:14] [Server thread/WARN]: Mismatch in destroy block pos: hx{x=57, y=28, z=-167} hx{x=58, y=28, z=-163}
[00:59:03] [Server thread/WARN]: Mismatch in destroy block pos: hx{x=52, y=34, z=-129} hx{x=48, y=33, z=-131}
[01:17:48] [Server thread/WARN]: Mismatch in destroy block pos: hx{x=7, y=30, z=-176} hx{x=7, y=29, z=-175}
[01:17:49] [Server thread/WARN]: Mismatch in destroy block pos: hx{x=7, y=30, z=-176} hx{x=7, y=29, z=-175}
[01:17:49] [Server thread/WARN]: Mismatch in destroy block pos: hx{x=7, y=30, z=-176} hx{x=7, y=29, z=-175}
[01:17:49] [Server thread/WARN]: Mismatch in destroy block pos: hx{x=7, y=30, z=-176} hx{x=7, y=29, z=-175}
[01:17:49] [Server thread/WARN]: Mismatch in destroy block pos: hx{x=7, y=30, z=-176} hx{x=7, y=29, z=-175}
[01:17:49] [Server thread/WARN]: Mismatch in destroy block pos: hx{x=7, y=30, z=-176} hx{x=7, y=29, z=-175}
[01:18:29] [Server thread/WARN]: Mismatch in destroy block pos: hx{x=7, y=30, z=-176} hx{x=18, y=33, z=-171}
[01:25:10] [Server thread/WARN]: Mismatch in destroy block pos: hx{x=25, y=32, z=-125} hx{x=26, y=32, z=-124}
[01:25:21] [Server thread/WARN]: Mismatch in destroy block pos: hx{x=25, y=32, z=-125} hx{x=29, y=33, z=-119}
[01:25:30] [Server thread/WARN]: Mismatch in destroy block pos: hx{x=36, y=36, z=-119} hx{x=36, y=35, z=-120}
[01:25:30] [Server thread/WARN]: Mismatch in destroy block pos: hx{x=36, y=36, z=-119} hx{x=36, y=35, z=-120}
[01:26:54] [Server thread/WARN]: Mismatch in destroy block pos: hx{x=8, y=28, z=-114} hx{x=7, y=27, z=-113}
[01:26:54] [Server thread/WARN]: Mismatch in destroy block pos: hx{x=8, y=28, z=-114} hx{x=7, y=27, z=-113}
[01:26:54] [Server thread/WARN]: Mismatch in destroy block pos: hx{x=8, y=28, z=-114} hx{x=7, y=27, z=-113}
[01:28:18] [Server thread/WARN]: Mismatch in destroy block pos: hx{x=15, y=30, z=-114} hx{x=12, y=26, z=-114}
[01:32:09] [Server thread/INFO]: [RononZra: Teleported RononZra to 0.500000, 160.000000, 101.500000]
[01:32:11] [Server thread/INFO]: [RononZra: Set own game mode to Creative Mode]
[01:32:13] [Server thread/INFO]: [RononZra: Set own game mode to Survival Mode]
[01:32:16] [Server thread/INFO]: [RononZra: Set own game mode to Creative Mode]
[01:32:20] [Server thread/INFO]: [RononZra: Set own game mode to Survival Mode]
[01:33:02] [Server thread/INFO]: [RononZra: Set own game mode to Creative Mode]
[01:33:28] [Server thread/INFO]: [RononZra: Set own game mode to Survival Mode]
[01:33:53] [Server thread/INFO]: [RononZra: Applied effect Fire Resistance to RononZra]
[01:37:03] [Server thread/INFO]: [RononZra: Set own game mode to Creative Mode]
[01:37:10] [Server thread/INFO]: [RononZra: Set own game mode to Survival Mode]
[01:38:51] [Server thread/INFO]: [RononZra: Set own game mode to Creative Mode]
[01:38:54] [Server thread/INFO]: [RononZra: Set own game mode to Survival Mode]
[01:39:01] [Server thread/INFO]: [RononZra: Set own game mode to Creative Mode]
[01:40:26] [Server thread/INFO]: [RononZra: 578 biome entry/entries set between 8, 228, 168 and 72, 232, 232]
[01:41:07] [Server thread/INFO]: [RononZra: 289 biome entry/entries set between 8, 232, 168 and 72, 232, 232]
[01:41:39] [Server thread/INFO]: [RononZra: 578 biome entry/entries set between 8, 232, 168 and 72, 236, 232]
[01:41:58] [Server thread/INFO]: [RononZra: 578 biome entry/entries set between 8, 236, 168 and 72, 240, 232]
[01:42:07] [Server thread/INFO]: [RononZra: 578 biome entry/entries set between 8, 240, 168 and 72, 244, 232]
[01:42:15] [Server thread/INFO]: [RononZra: 578 biome entry/entries set between 8, 244, 168 and 72, 248, 232]
[01:42:36] [Server thread/INFO]: [RononZra: 578 biome entry/entries set between 8, 248, 168 and 72, 252, 232]
[01:43:08] [Server thread/INFO]: [RononZra: 578 biome entry/entries set between 8, 224, 168 and 72, 228, 232]
[01:43:19] [Server thread/INFO]: [RononZra: 578 biome entry/entries set between 8, 220, 168 and 72, 224, 232]
[01:43:26] [Server thread/INFO]: [RononZra: 578 biome entry/entries set between 8, 216, 168 and 72, 220, 232]
[01:43:44] [Server thread/INFO]: [RononZra: 578 biome entry/entries set between 8, 216, 168 and 72, 220, 232]
[01:44:01] [Server thread/INFO]: [RononZra: Set own game mode to Survival Mode]
[01:44:35] [Server thread/INFO]: [RononZra: Set own game mode to Creative Mode]
[01:44:38] [Server thread/INFO]: [RononZra: Set own game mode to Survival Mode]
[01:44:53] [Server thread/INFO]: RononZra has completed the challenge [Return to Sender]
[01:47:22] [Server thread/INFO]: [RononZra: Set own game mode to Creative Mode]
[01:47:24] [Server thread/INFO]: [RononZra: Set own game mode to Survival Mode]
[01:49:11] [Server thread/INFO]: [RononZra: Set own game mode to Creative Mode]
[01:50:08] [Server thread/INFO]: [RononZra: Set own game mode to Survival Mode]
[01:50:34] [Server thread/INFO]: [RononZra: Set own game mode to Creative Mode]
[01:50:36] [Server thread/INFO]: [RononZra: Set own game mode to Survival Mode]
[01:50:43] [Server thread/INFO]: [RononZra: Applied effect Fire Resistance to RononZra]
[01:53:49] [Server thread/INFO]: [RononZra: Set own game mode to Creative Mode]
[01:54:51] [Server thread/INFO]: [RononZra: Set own game mode to Survival Mode]
[01:56:34] [Server thread/INFO]: [RononZra: Set own game mode to Creative Mode]
[01:56:38] [Server thread/INFO]: [RononZra: Set own game mode to Survival Mode]
[01:57:44] [Server thread/INFO]: [RononZra: Set own game mode to Creative Mode]
[02:00:58] [Server thread/INFO]: [RononZra: Set own game mode to Survival Mode]
[02:03:01] [Server thread/INFO]: [RononZra: Set own game mode to Creative Mode]
[02:03:04] [Server thread/INFO]: [RononZra: Set own game mode to Survival Mode]
[02:04:46] [Server thread/INFO]: [RononZra: Set own game mode to Creative Mode]
[02:05:20] [Server thread/INFO]: [RononZra: Set own game mode to Survival Mode]
[02:06:29] [Server thread/INFO]: [RononZra: Set own game mode to Creative Mode]
[02:06:29] [Server thread/INFO]: Named entity cdk['Esclave'/236645, l='ServerLevel[world]', x=70.66, y=128.00, z=175.88] died: Esclave was doomed to fall by RononZra
[02:07:08] [Server thread/INFO]: [RononZra: Set own game mode to Survival Mode]
[02:08:18] [Server thread/INFO]: [RononZra: Set own game mode to Creative Mode]
[02:08:31] [Server thread/INFO]: [RononZra: Set own game mode to Survival Mode]
[02:09:18] [Server thread/INFO]: [RononZra: Set own game mode to Creative Mode]
[02:09:52] [Server thread/INFO]: [RononZra: Set own game mode to Survival Mode]
[02:13:20] [Server thread/INFO]: [RononZra: Set own game mode to Creative Mode]
[02:15:20] [Server thread/INFO]: [RononZra: Set own game mode to Survival Mode]
[02:18:18] [Server thread/INFO]: Named entity byk['Golem'/239696, l='ServerLevel[world]', x=42.15, y=242.92, z=203.84] died: Golem was slain by Zombified Piglin
[03:44:15] [Server thread/INFO]: [RononZra: Set own game mode to Creative Mode]
[03:45:17] [Server thread/INFO]: [RononZra: Set own game mode to Survival Mode]
[03:46:21] [Server thread/INFO]: [RononZra: Set own game mode to Creative Mode]
[03:46:50] [Server thread/INFO]: [RononZra: Set own game mode to Survival Mode]
[03:48:06] [Server thread/INFO]: [RononZra: Set own game mode to Creative Mode]
[03:48:23] [Server thread/INFO]: [RononZra: Set own game mode to Survival Mode]
[06:50:38] [Server thread/INFO]: RononZra lost connection: Disconnected
[06:50:38] [Server thread/INFO]: RononZra left the game
[09:18:46] [Server thread/INFO]: Louloute[/90.70.168.221:50342] logged in with entity id 341078 at (-150.13212213438604, 71.0, 1428.6901316648202)
[09:18:46] [Server thread/INFO]: Louloute joined the game
[09:35:47] [Server thread/INFO]: Louloute lost connection: Disconnected
[09:35:47] [Server thread/INFO]: Louloute left the game
[09:42:42] [Server thread/INFO]: Pavel[/90.70.168.221:50414] logged in with entity id 343647 at (-22.100140032653766, 63.0, 1326.55056960428)
[09:42:42] [Server thread/INFO]: Pavel joined the game
[09:52:42] [Server thread/INFO]: Pavel went up in flames
[10:01:30] [Server thread/INFO]: Pavel was slain by Cave Spider
[10:01:31] [Server thread/WARN]: Pavel moved too quickly! 618.9520211266889,82.0625,-10.159268644082431
[10:01:45] [Server thread/INFO]: Pavel fell from a high place
[10:01:47] [Server thread/WARN]: Pavel moved too quickly! -10.224470992656798,78.0625,-5.155741246518119
[10:16:20] [Server thread/INFO]: Pavel was slain by Spider
[10:25:53] [Server thread/INFO]: Pavel tried to swim in lava
[10:53:51] [Server thread/INFO]: Pavel lost connection: Disconnected
[10:53:51] [Server thread/INFO]: Pavel left the game
[10:58:00] [Server thread/INFO]: Diane[/90.70.168.221:50584] logged in with entity id 361387 at (181.85741546806167, 77.0625, 1341.879630716848)
[10:58:00] [Server thread/INFO]: Diane joined the game
[11:37:00] [Server thread/WARN]: Mismatch in destroy block pos: hx{x=-7, y=69, z=1279} hx{x=-8, y=68, z=1280}
[11:44:12] [Server thread/INFO]: Diane went up in flames
[11:44:13] [Server thread/WARN]: Diane moved too quickly! 13.186653175661192,-0.4375,-8.199999988079071
[11:44:39] [Server thread/INFO]: Diane went up in flames
[11:44:56] [Server thread/INFO]: Diane lost connection: Disconnected
[11:44:56] [Server thread/INFO]: Diane left the game
[11:46:20] [Server thread/INFO]: Diane[/90.70.168.221:50611] logged in with entity id 368994 at (73.5, 74.0, 1280.5)
[11:46:20] [Server thread/INFO]: Diane joined the game
[11:54:34] [Server thread/WARN]: Mismatch in destroy block pos: hx{x=2, y=69, z=1276} hx{x=3, y=69, z=1279}
[11:54:34] [Server thread/WARN]: Mismatch in destroy block pos: hx{x=2, y=69, z=1276} hx{x=3, y=69, z=1279}
[11:54:34] [Server thread/WARN]: Mismatch in destroy block pos: hx{x=2, y=69, z=1276} hx{x=3, y=69, z=1279}
[11:54:34] [Server thread/WARN]: Mismatch in destroy block pos: hx{x=2, y=69, z=1276} hx{x=4, y=69, z=1277}
[11:54:34] [Server thread/WARN]: Mismatch in destroy block pos: hx{x=2, y=69, z=1276} hx{x=4, y=69, z=1277}
[11:55:12] [Server thread/WARN]: Mismatch in destroy block pos: hx{x=-4, y=68, z=1275} hx{x=-6, y=68, z=1277}
[11:59:00] [Server thread/WARN]: Mismatch in destroy block pos: hx{x=3, y=69, z=1278} hx{x=3, y=70, z=1277}
[12:02:36] [Server thread/INFO]: Diane was slain by Drowned
[12:02:37] [Server thread/WARN]: Diane moved too quickly! 66.80000001192093,3.0,-7.257025661950365
[12:10:35] [Server thread/INFO]: Villager cev['Leatherworker'/19, l='ServerLevel[world]', x=157.66, y=88.18, z=1243.24] died, message: 'Leatherworker was slain by Zombie'
[12:22:09] [Server thread/INFO]: Diane lost connection: Disconnected
[12:22:09] [Server thread/INFO]: Diane left the game
[12:23:43] [Server thread/INFO]: Pavel[/90.70.168.221:50647] logged in with entity id 375467 at (-42.05859507250651, 63.0625, 1346.0724209041614)
[12:23:43] [Server thread/INFO]: Pavel joined the game
[12:36:31] [Server thread/WARN]: Can't keep up! Is the server overloaded? Running 2378ms or 47 ticks behind
[13:16:14] [Server thread/WARN]: Mismatch in destroy block pos: hx{x=-606, y=-34, z=1357} hx{x=-606, y=-34, z=1356}
[13:31:02] [Server thread/INFO]: Pavel lost connection: Disconnected
[13:31:02] [Server thread/INFO]: Pavel left the game
[13:33:02] [Server thread/INFO]: Diane[/90.70.168.221:50744] logged in with entity id 390738 at (65.13916427209783, 74.0, 1283.684495119327)
[13:33:02] [Server thread/INFO]: Diane joined the game
[13:35:55] [Server thread/INFO]: Diane has made the advancement [Best Friends Forever]
[13:43:01] [Server thread/INFO]: Diane lost connection: Disconnected
[13:43:01] [Server thread/INFO]: Diane left the game
[14:24:51] [Server thread/INFO]: Diane[/90.70.168.221:50871] logged in with entity id 392467 at (148.84409833751036, 77.0, 1265.4805672404384)
[14:24:51] [Server thread/INFO]: Diane joined the game
[15:05:29] [Server thread/INFO]: RononZra[/88.173.195.61:39577] logged in with entity id 398425 at (43.30833675526792, 243.0, 202.54097970135996)
[15:05:29] [Server thread/INFO]: RononZra joined the game
[15:05:33] [Server thread/WARN]: Can't keep up! Is the server overloaded? Running 4709ms or 94 ticks behind
[15:05:50] [Server thread/INFO]: [Not Secure] <Diane> cc cv
[15:05:57] [Server thread/INFO]: [Not Secure] <RononZra> cc oui et toi
[15:06:05] [Server thread/INFO]: [Not Secure] <Diane> ouaih
[15:07:00] [Server thread/INFO]: [Not Secure] <Diane> pavel ma ofer un ane matenent je m'en ser tout le t'en
[15:10:46] [Server thread/INFO]: [RononZra: Set own game mode to Creative Mode]
[15:10:49] [Server thread/INFO]: [RononZra: Set own game mode to Spectator Mode]
[15:11:03] [Server thread/INFO]: [RononZra: Set own game mode to Creative Mode]
[15:11:05] [Server thread/INFO]: [RononZra: Set own game mode to Survival Mode]
[15:20:34] [Server thread/INFO]: [RononZra: Set own game mode to Creative Mode]
[15:20:37] [Server thread/INFO]: [Not Secure] <Diane> comment on fait les truc pour ouvrir les enclo
[15:20:54] [Server thread/INFO]: [Not Secure] <RononZra> regarde barriere dans le livre
[15:21:14] [Server thread/INFO]: [RononZra: Set own game mode to Survival Mode]
[15:21:17] [Server thread/INFO]: [Not Secure] <Diane> je l'ai fait mais je trouve pas
[15:22:03] [Server thread/INFO]: [Not Secure] <RononZra> c'est deux baton a gauche deux a droite et deux planches au millieu
[15:22:05] [Server thread/INFO]: [Not Secure] <Diane> c bon j'ai trouver
[15:22:16] [Server thread/INFO]: [Not Secure] <Diane> merci quand meme
[15:23:39] [Server thread/WARN]: Can't keep up! Is the server overloaded? Running 3857ms or 77 ticks behind
[15:23:49] [Server thread/INFO]: [RononZra: Set own game mode to Creative Mode]
[15:24:08] [Server thread/INFO]: [RononZra: Set own game mode to Survival Mode]
[15:25:16] [Server thread/INFO]: [RononZra: Set own game mode to Spectator Mode]
[15:26:05] [Server thread/INFO]: [RononZra: Set own game mode to Survival Mode]
[15:31:55] [Server thread/INFO]: [RononZra: Set own game mode to Spectator Mode]
[15:31:55] [Server thread/INFO]: [RononZra: Set own game mode to Creative Mode]
[15:32:45] [Server thread/INFO]: [RononZra: Set own game mode to Spectator Mode]
[15:32:46] [Server thread/INFO]: [RononZra: Set own game mode to Survival Mode]
[15:33:44] [Server thread/INFO]: [RononZra: Set own game mode to Creative Mode]
[15:33:50] [Server thread/INFO]: [RononZra: Set own game mode to Survival Mode]
[15:36:45] [Server thread/INFO]: [RononZra: Set own game mode to Creative Mode]
[15:36:50] [Server thread/INFO]: [RononZra: Set own game mode to Survival Mode]
[15:37:40] [Server thread/INFO]: [Not Secure] <Diane> je peut aller chez toi jorais besoin d'une enclume (je ne te l'a prend pas juste l'utiliser une fois)
[15:38:19] [Server thread/INFO]: [RononZra: Set own game mode to Spectator Mode]
[15:38:25] [Server thread/INFO]: [RononZra: Set own game mode to Survival Mode]
[15:38:48] [Server thread/INFO]: [Not Secure] <Diane> merci
[15:39:52] [Server thread/INFO]: [RononZra: Set own game mode to Spectator Mode]
[15:39:58] [Server thread/INFO]: [RononZra: Set own game mode to Survival Mode]
[15:41:24] [Server thread/INFO]: [Not Secure] <Diane> tu veut que je te rendre l'enclume ou pas
[15:41:31] [Server thread/INFO]: [Not Secure] <RononZra> non garde la
[15:42:31] [Server thread/INFO]: [RononZra: Set own game mode to Creative Mode]
[15:42:43] [Server thread/INFO]: [RononZra: Set own game mode to Survival Mode]
[15:44:12] [Server thread/INFO]: [RononZra: Set own game mode to Creative Mode]
[15:44:15] [Server thread/INFO]: [Not Secure] <Diane> ok merci baucoup baucoup
[15:44:33] [Server thread/INFO]: [RononZra: Set own game mode to Survival Mode]
[15:47:21] [Server thread/INFO]: [Not Secure] <Diane> pavel me dit que tu lui avais dit que tu aller lui donner un model de forge
[15:47:41] [Server thread/INFO]: [Not Secure] <RononZra> j'attend qu'il se connecte
[15:48:14] [Server thread/INFO]: [Not Secure] <Diane> mais il le veus maintenent
[15:48:25] [Server thread/INFO]: [Not Secure] <Diane> si tu peut
[15:48:58] [Server thread/INFO]: [Not Secure] <RononZra> je te le donne a toi?
[15:49:07] [Server thread/INFO]: [Not Secure] <Diane> oui
[15:49:41] [Server thread/INFO]: [Not Secure] <Diane> il te dit merci
[15:49:45] [Server thread/WARN]: Mismatch in destroy block pos: hx{x=23, y=79, z=1302} hx{x=11, y=81, z=1279}
[15:49:45] [Server thread/WARN]: Mismatch in destroy block pos: hx{x=23, y=79, z=1302} hx{x=11, y=81, z=1279}
[15:49:45] [Server thread/WARN]: Mismatch in destroy block pos: hx{x=23, y=79, z=1302} hx{x=11, y=81, z=1279}
[15:50:08] [Server thread/WARN]: tibou (le petit ane de diane) (vehicle of Diane) moved wrongly! 0.2980053659277928
[15:51:21] [Server thread/INFO]: [RononZra: Set own game mode to Creative Mode]
[15:51:31] [Server thread/INFO]: [RononZra: Set own game mode to Survival Mode]
[15:53:17] [Server thread/INFO]: [RononZra: Set own game mode to Creative Mode]
[15:53:36] [Server thread/INFO]: [RononZra: Set own game mode to Survival Mode]
[15:54:26] [Server thread/INFO]: [Not Secure] <Diane> merci
[15:55:02] [Server thread/INFO]: [Not Secure] <Diane> tu veut de l'aide pou quelque chose
[15:55:08] [Server thread/INFO]: [Not Secure] <RononZra> non c'est bon
[15:55:10] [Server thread/INFO]: [RononZra: Set own game mode to Creative Mode]
[15:56:01] [Server thread/INFO]: [RononZra: Set own game mode to Survival Mode]
[15:56:47] [Server thread/INFO]: [Not Secure] <Diane> ses trop jolie se que tu fait
[15:56:52] [Server thread/INFO]: [Not Secure] <RononZra> merci
[15:57:39] [Server thread/INFO]: [Not Secure] <Diane> j'ai un truc a toi je sais pas comment je l'ai eu
[15:57:48] [Server thread/INFO]: [Not Secure] <RononZra> faut que to dorme sinon ils vont continuer a spawn
[15:59:53] [Server thread/WARN]: tibou (le petit ane de diane) (vehicle of Diane) moved wrongly! 0.311220692413535
[16:00:18] [Server thread/INFO]: [RononZra: Set own game mode to Creative Mode]
[16:00:36] [Server thread/INFO]: [RononZra: Set own game mode to Survival Mode]
[16:04:28] [Server thread/INFO]: [RononZra: Set own game mode to Creative Mode]
[16:04:36] [Server thread/INFO]: [RononZra: Set own game mode to Survival Mode]
[16:05:40] [Server thread/INFO]: [RononZra: Set own game mode to Creative Mode]
[16:05:46] [Server thread/INFO]: [RononZra: Set own game mode to Survival Mode]
[16:06:14] [Server thread/INFO]: [RononZra: Set own game mode to Creative Mode]
[16:06:17] [Server thread/INFO]: [RononZra: Set own game mode to Survival Mode]
[16:09:12] [Server thread/INFO]: [RononZra: Set own game mode to Creative Mode]
[16:09:25] [Server thread/INFO]: [RononZra: Set own game mode to Survival Mode]
[16:09:51] [Server thread/INFO]: [RononZra: Set own game mode to Creative Mode]
[16:09:53] [Server thread/INFO]: [RononZra: Set own game mode to Spectator Mode]
[16:09:55] [Server thread/WARN]: RononZra moved too quickly! 38.555500497222056,14.0,-45.9996799225421
[16:09:59] [Server thread/INFO]: [RononZra: Set own game mode to Creative Mode]
[16:10:00] [Server thread/INFO]: [RononZra: Set own game mode to Survival Mode]
[16:10:58] [Server thread/INFO]: [Not Secure] <Diane> pavel dit : pour t'a ferme a XP il t'aide de 19 staque de bloque de magma et tu pourras me l'as preter ?????????????????????????????????????????????????????????????????????????????????????????????????????????????????????????????????????????????????????????
[16:11:15] [Server thread/INFO]: [Not Secure] <RononZra> elle est deja fini je l'ai fait hier soir
[16:11:52] [Server thread/INFO]: [Not Secure] <Diane> tu pourra lui preter quand meme stp ??????????????????????????????????????????????????????????????????????????????????????????????????????????????????????????????????????????
[16:12:00] [Server thread/INFO]: [Not Secure] <RononZra> il est a coter de toi la?
[16:12:22] [Server thread/INFO]: [Not Secure] <Diane> pavel
[16:12:27] [Server thread/INFO]: [Not Secure] <Diane> ?
[16:12:32] [Server thread/INFO]: [Not Secure] <RononZra> oui
[16:12:38] [Server thread/INFO]: [Not Secure] <Diane> a bah oui
[16:12:44] [Server thread/INFO]: [Not Secure] <RononZra> viens
[16:12:50] [Server thread/INFO]: [Not Secure] <Diane> ok
[16:13:05] [Server thread/INFO]: [Not Secure] <Diane> t ou
[16:13:14] [Server thread/INFO]: [Not Secure] <RononZra> en desous
[16:13:59] [Server thread/INFO]: [Not Secure] <Diane> tu conner ma cachette
[16:14:11] [Server thread/INFO]: [Not Secure] <RononZra> pourquoi tu cache ton portail?
[16:14:24] [Server thread/INFO]: [Not Secure] <Diane> bah oui
[16:15:57] [Server thread/INFO]: [Not Secure] <RononZra> tu te met la ou je suis
[16:16:07] [Server thread/INFO]: [Not Secure] <RononZra> apres tu ouvre une trappe
[16:16:17] [Server thread/INFO]: [Not Secure] <RononZra> et tu tire sur un pigmen
[16:16:44] [Server thread/INFO]: [Not Secure] <RononZra> et tu ferme la trappe
[16:17:50] [Server thread/INFO]: [RononZra: Set own game mode to Creative Mode]
[16:18:17] [Server thread/INFO]: Diane fell from a high place
[16:18:42] [Server thread/INFO]: [RononZra: Teleported RononZra to Diane]
[16:18:42] [Server thread/WARN]: RononZra moved too quickly! 4.876564936080257,-116.0,-0.035852439921143286
[16:18:56] [Server thread/INFO]: [RononZra: Set own game mode to Survival Mode]
[16:19:19] [Server thread/INFO]: [RononZra: Set own game mode to Creative Mode]
[16:19:33] [Server thread/INFO]: [RononZra: Set own game mode to Survival Mode]
[16:21:25] [Server thread/INFO]: [Not Secure] <RononZra> tu sait tu a pas besoin de mettre des blocs pour sortir facilement
[16:23:30] [Server thread/INFO]: [RononZra: Gave 1 [Debug Stick] to RononZra]
[16:23:31] [Server thread/INFO]: [RononZra: Set own game mode to Creative Mode]
[16:24:38] [Server thread/INFO]: [RononZra: Set own game mode to Survival Mode]
[16:25:15] [Server thread/INFO]: [Not Secure] <Diane> tu fait pas de mal a mon ane
[16:25:17] [Server thread/INFO]: [Not Secure] <RononZra> a la place des blocs
[16:25:30] [Server thread/INFO]: [Not Secure] <RononZra> et les animaux peuvent pas passer
[16:25:46] [Server thread/INFO]: [Not Secure] <Diane> parce que la je rigolerais pas
[16:25:56] [Server thread/INFO]: [Not Secure] <RononZra> je visais pas ton ane
[16:26:00] [Server thread/INFO]: [RononZra: Set own game mode to Creative Mode]
[16:26:02] [Server thread/INFO]: [RononZra: Set own game mode to Survival Mode]
[16:26:06] [Server thread/INFO]: [Not Secure] <Diane> ok
[16:26:48] [Server thread/INFO]: [Not Secure] <Diane> tu vas super vite pour construire
[16:27:27] [Server thread/INFO]: [RononZra: Set own game mode to Creative Mode]
[16:27:32] [Server thread/INFO]: [RononZra: Set own game mode to Survival Mode]
[16:30:56] [Server thread/INFO]: [Not Secure] <Diane> il faut dormir sinon il y aurra des fantome
[16:32:53] [Server thread/INFO]: [RononZra: Set own game mode to Creative Mode]
[16:33:29] [Server thread/INFO]: Diane lost connection: Disconnected
[16:33:29] [Server thread/INFO]: Diane left the game
[16:33:52] [Server thread/INFO]: [RononZra: Applied effect Invisibility to RononZra]
[16:34:28] [Server thread/INFO]: [RononZra: 837 biome entry/entries set between -16, 60, 1088 and 104, 60, 1192]
[16:34:58] [Server thread/INFO]: [RononZra: 837 biome entry/entries set between -16, 60, 1088 and 104, 60, 1192]
[16:35:10] [Server thread/INFO]: [RononZra: 837 biome entry/entries set between -16, 60, 1088 and 104, 60, 1192]
[16:35:25] [Server thread/INFO]: [RononZra: 837 biome entry/entries set between -16, 64, 1088 and 104, 64, 1192]
[16:35:33] [Server thread/INFO]: [RononZra: 837 biome entry/entries set between -16, 64, 1088 and 104, 64, 1192]
[16:35:38] [Server thread/INFO]: [RononZra: 837 biome entry/entries set between -16, 64, 1088 and 104, 64, 1192]
[16:35:50] [Server thread/INFO]: [RononZra: 837 biome entry/entries set between -16, 64, 1088 and 104, 64, 1192]
[16:35:59] [Server thread/INFO]: [RononZra: 837 biome entry/entries set between -16, 68, 1088 and 104, 68, 1192]
[16:36:03] [Server thread/INFO]: [RononZra: 837 biome entry/entries set between -16, 68, 1088 and 104, 68, 1192]
[16:36:09] [Server thread/INFO]: [RononZra: 837 biome entry/entries set between -16, 68, 1088 and 104, 68, 1192]
[16:36:15] [Server thread/INFO]: [RononZra: 837 biome entry/entries set between -16, 68, 1088 and 104, 68, 1192]
[16:36:26] [Server thread/INFO]: [RononZra: 837 biome entry/entries set between -16, 72, 1088 and 104, 72, 1192]
[16:36:30] [Server thread/INFO]: [RononZra: 837 biome entry/entries set between -16, 72, 1088 and 104, 72, 1192]
[16:36:35] [Server thread/INFO]: [RononZra: 837 biome entry/entries set between -16, 72, 1088 and 104, 72, 1192]
[16:36:43] [Server thread/INFO]: [RononZra: 837 biome entry/entries set between -16, 76, 1088 and 104, 76, 1192]
[16:36:48] [Server thread/INFO]: [RononZra: 837 biome entry/entries set between -16, 76, 1088 and 104, 76, 1192]
[16:36:52] [Server thread/INFO]: [RononZra: 837 biome entry/entries set between -16, 76, 1088 and 104, 76, 1192]
[16:37:02] [Server thread/INFO]: [RononZra: 837 biome entry/entries set between -16, 80, 1088 and 104, 80, 1192]
[16:37:07] [Server thread/INFO]: [RononZra: 837 biome entry/entries set between -16, 80, 1088 and 104, 80, 1192]
[16:37:11] [Server thread/INFO]: [RononZra: 837 biome entry/entries set between -16, 80, 1088 and 104, 80, 1192]
[16:38:17] [Server thread/INFO]: [RononZra: 210 biome entry/entries set between -32, 60, 1140 and -12, 84, 1156]
[16:38:48] [Server thread/INFO]: [RononZra: Set own game mode to Survival Mode]
[16:38:54] [Server thread/INFO]: [RononZra: Removed every effect from RononZra]
[16:39:13] [Server thread/INFO]: [RononZra: Set the weather to clear]
[16:40:18] [Server thread/INFO]: [RononZra: Set own game mode to Spectator Mode]
[16:40:33] [Server thread/INFO]: [RononZra: Set own game mode to Survival Mode]
[16:41:57] [Server thread/INFO]: [RononZra: Set own game mode to Spectator Mode]
[16:42:04] [Server thread/INFO]: [RononZra: Set own game mode to Creative Mode]
[16:42:18] [Server thread/INFO]: [RononZra: Set own game mode to Survival Mode]
[16:43:52] [Server thread/INFO]: [RononZra: Set own game mode to Spectator Mode]
[16:44:11] [Server thread/INFO]: [RononZra: Set own game mode to Survival Mode]
[16:46:19] [Server thread/INFO]: [RononZra: Set own game mode to Spectator Mode]
[16:46:24] [Server thread/INFO]: [RononZra: Set own game mode to Survival Mode]
[16:47:23] [Server thread/INFO]: [RononZra: Set own game mode to Spectator Mode]
[16:47:34] [Server thread/INFO]: [RononZra: Set own game mode to Survival Mode]
[16:53:48] [Server thread/INFO]: [RononZra: Set own game mode to Spectator Mode]
[16:53:49] [Server thread/INFO]: [RononZra: Set own game mode to Creative Mode]
[16:55:43] [Server thread/INFO]: [RononZra: Successfully filled 1691 block(s)]
[16:55:53] [Server thread/INFO]: [RononZra: Successfully filled 202 block(s)]
[16:56:20] [Server thread/INFO]: [RononZra: Successfully filled 1247 block(s)]
[16:57:24] [Server thread/INFO]: [RononZra: Set own game mode to Spectator Mode]
[16:57:25] [Server thread/INFO]: [RononZra: Set own game mode to Survival Mode]
[16:59:06] [Server thread/INFO]: [RononZra: Successfully filled 2529 block(s)]
[17:00:50] [Server thread/INFO]: [RononZra: Set own game mode to Spectator Mode]
[17:01:02] [Server thread/INFO]: [RononZra: Set own game mode to Survival Mode]
[17:01:14] [Server thread/INFO]: [RononZra: Set own game mode to Creative Mode]
[17:01:42] [Server thread/INFO]: [RononZra: Successfully filled 8471 block(s)]
[17:01:57] [Server thread/INFO]: [RononZra: Successfully filled 5561 block(s)]
[17:02:07] [Server thread/INFO]: [RononZra: Successfully filled 1746 block(s)]
[17:02:50] [Server thread/INFO]: [RononZra: Successfully filled 2491 block(s)]
[17:03:42] [Server thread/INFO]: Diane[/90.70.168.221:49954] logged in with entity id 428136 at (64.62853760922317, 74.0, 1284.4139699051766)
[17:03:42] [Server thread/INFO]: Diane joined the game
[17:03:44] [Server thread/INFO]: [RononZra: Successfully filled 4018 block(s)]
[17:03:50] [Server thread/INFO]: [RononZra: Successfully filled 202 block(s)]
[17:03:58] [Server thread/INFO]: [RononZra: Successfully filled 626 block(s)]
[17:04:06] [Server thread/INFO]: [RononZra: Successfully filled 62 block(s)]
[17:04:15] [Server thread/INFO]: [RononZra: Successfully filled 32 block(s)]
[17:04:20] [Server thread/INFO]: [RononZra: Successfully filled 1 block(s)]
[17:05:16] [Server thread/INFO]: [RononZra: Set own game mode to Spectator Mode]
[17:05:27] [Server thread/INFO]: [RononZra: Set own game mode to Creative Mode]
[17:06:39] [Server thread/INFO]: [RononZra: Successfully filled 1387 block(s)]
[17:06:42] [Server thread/INFO]: Louloute[/90.70.168.221:61997] logged in with entity id 428987 at (-145.51002393730576, 71.0, 1426.82539496767)
[17:06:42] [Server thread/INFO]: Louloute joined the game
[17:07:28] [Server thread/INFO]: [RononZra: Successfully filled 2283 block(s)]
[17:08:22] [Server thread/INFO]: [RononZra: Successfully filled 1692 block(s)]
[17:08:57] [Server thread/INFO]: [RononZra: Successfully filled 15546 block(s)]
[17:09:11] [Server thread/INFO]: [RononZra: Successfully filled 2115 block(s)]
[17:09:42] [Server thread/INFO]: [RononZra: Successfully filled 474 block(s)]
[17:10:31] [Server thread/INFO]: [RononZra: Successfully filled 1451 block(s)]
[17:11:06] [Server thread/INFO]: [RononZra: Successfully filled 351 block(s)]
[17:11:40] [Server thread/WARN]: RononZra moved too quickly! 6.613354985411201,2.078246482582088,7.67802336911609
[17:12:01] [Server thread/INFO]: [RononZra: Successfully filled 663 block(s)]
[17:13:03] [Server thread/INFO]: [RononZra: Successfully filled 1609 block(s)]
[17:13:37] [Server thread/INFO]: [RononZra: Successfully filled 336 block(s)]
[17:14:14] [Server thread/INFO]: [RononZra: Successfully filled 399 block(s)]
[17:15:19] [Server thread/INFO]: [RononZra: Set own game mode to Spectator Mode]
[17:15:20] [Server thread/INFO]: [RononZra: Set own game mode to Survival Mode]
[17:16:58] [Server thread/INFO]: [RononZra: Set own game mode to Spectator Mode]
[17:20:32] [Server thread/INFO]: [RononZra: Set own game mode to Survival Mode]
[17:21:08] [Server thread/INFO]: [RononZra: Set own game mode to Creative Mode]
[17:21:45] [Server thread/INFO]: [RononZra: Set own game mode to Survival Mode]
[17:33:08] [Server thread/INFO]: Louloute lost connection: Disconnected
[17:33:08] [Server thread/INFO]: Louloute left the game
[17:33:51] [Server thread/INFO]: [RononZra: Set own game mode to Creative Mode]
[17:34:28] [Server thread/INFO]: Pavel[/90.70.168.221:64590] logged in with entity id 437634 at (-596.6434613088784, -53.0, 1354.3565731180588)
[17:34:28] [Server thread/INFO]: Pavel joined the game
[17:35:00] [Server thread/INFO]: [RononZra: Set own game mode to Survival Mode]
[17:35:16] [Server thread/INFO]: [RononZra: Set the weather to clear]
[17:37:13] [Server thread/INFO]: Pavel fell from a high place
[17:37:14] [Server thread/WARN]: Pavel moved too quickly! 8.005265129393123,122.0625,-4.199999988079071
[17:37:14] [Server thread/WARN]: Pavel moved too quickly! 8.005265129393123,122.0625,-4.199999988079071
[17:40:23] [Server thread/INFO]: [RononZra: Set own game mode to Creative Mode]
[17:41:36] [Server thread/INFO]: [RononZra: Set own game mode to Survival Mode]
[17:42:12] [Server thread/INFO]: [RononZra: Set own game mode to Creative Mode]
[17:42:33] [Server thread/INFO]: [RononZra: Set own game mode to Survival Mode]
[17:42:48] [Server thread/INFO]: [RononZra: Gamerule mobGriefing is now set to: false]
[17:43:34] [Server thread/INFO]: Diane fell from a high place
[17:43:42] [Server thread/INFO]: [RononZra: Set own game mode to Spectator Mode]
[17:43:46] [Server thread/WARN]: RononZra moved too quickly! 59.20054455361836,4.617594996110114,140.5517351121589
[17:44:34] [Server thread/INFO]: [RononZra: Applied effect Invisibility to RononZra]
[17:44:37] [Server thread/INFO]: [RononZra: Set own game mode to Creative Mode]
[17:45:38] [Server thread/INFO]: [RononZra: Set own game mode to Spectator Mode]
[17:45:41] [Server thread/INFO]: [RononZra: Set own game mode to Creative Mode]
[17:45:56] [Server thread/INFO]: Louloute[/90.70.168.221:50634] logged in with entity id 442013 at (-150.24167438849136, 71.0, 1430.078179432845)
[17:45:56] [Server thread/INFO]: Louloute joined the game
[17:46:18] [Server thread/INFO]: [RononZra: Set own game mode to Spectator Mode]
[17:46:42] [Server thread/INFO]: [RononZra: Set own game mode to Survival Mode]
[17:48:36] [Server thread/INFO]: [Not Secure] <Diane> je suis rentrer pavel
[17:54:19] [Server thread/INFO]: [Not Secure] <Pavel> je suis lvl %)
[17:54:26] [Server thread/INFO]: [Not Secure] <Pavel> 50
[17:54:35] [Server thread/INFO]: [Not Secure] <Diane> a dacord
[17:54:47] [Server thread/INFO]: [Not Secure] <Diane> pk tu dit ca
[17:55:02] [Server thread/INFO]: [Not Secure] <Pavel> pou RononZra
[17:55:13] [Server thread/INFO]: [Not Secure] <Diane> a dacord
[17:55:20] [Server thread/INFO]: [Not Secure] <Diane> mais on sens fou
[17:55:34] [Server thread/INFO]: Pavel fell from a high place
[17:55:39] [Server thread/INFO]: [Not Secure] <Diane> ches
[18:01:28] [Server thread/INFO]: Diane lost connection: Disconnected
[18:01:28] [Server thread/INFO]: Diane left the game
[18:01:42] [Server thread/INFO]: [RononZra: Teleported RononZra to Pavel]
[18:01:42] [Server thread/WARN]: RononZra moved too quickly! -60.66160954237223,0.16610926093821377,25.17000799416951
[18:01:44] [Server thread/INFO]: Louloute lost connection: Disconnected
[18:01:44] [Server thread/INFO]: Louloute left the game
[18:01:51] [Server thread/INFO]: [RononZra: Teleported RononZra to Pavel]
[18:02:04] [Server thread/INFO]: [RononZra: Set own game mode to Creative Mode]
[18:02:25] [Server thread/INFO]: [Not Secure] <Pavel> de;qin tu rejoue
[18:02:33] [Server thread/INFO]: [Not Secure] <RononZra> je sais pas
[18:03:00] [Server thread/INFO]: [RononZra: Set own game mode to Survival Mode]
[18:05:00] [Server thread/INFO]: [RononZra: Set own game mode to Creative Mode]
[18:05:04] [Server thread/INFO]: [RononZra: Set own game mode to Survival Mode]
[18:06:05] [Server thread/INFO]: [RononZra: Set own game mode to Creative Mode]
[18:07:49] [Server thread/INFO]: [RononZra: Set own game mode to Survival Mode]
[18:08:08] [Server thread/INFO]: [Not Secure] <Pavel> sur ta ferm a xp on peut faire un autre etage avec ;es bloc de ;ag;a
[18:08:16] [Server thread/INFO]: [Not Secure] <RononZra> non
[18:08:23] [Server thread/INFO]: [Not Secure] <Pavel> pk
[18:08:28] [Server thread/INFO]: [Not Secure] <RononZra> c'est le max la
[18:08:52] [Server thread/INFO]: [Not Secure] <Pavel> on peut pqs qgrqndire les etage
[18:09:03] [Server thread/INFO]: [Not Secure] <Pavel> agrendire
[18:09:05] [Server thread/INFO]: [Not Secure] <RononZra> non sinon ils vont spawn trop loin et ne vindrons pas
[18:09:35] [Server thread/INFO]: [RononZra: Set own game mode to Creative Mode]
[18:09:41] [Server thread/INFO]: [RononZra: Set own game mode to Survival Mode]
[18:09:53] [Server thread/INFO]: [RononZra: Set own game mode to Creative Mode]
[18:09:55] [Server thread/INFO]: [RononZra: Set own game mode to Survival Mode]
[18:10:31] [Server thread/INFO]: [RononZra: Set own game mode to Creative Mode]
[18:10:40] [Server thread/INFO]: [RononZra: Set own game mode to Survival Mode]
[18:11:52] [Server thread/INFO]: [RononZra: Set own game mode to Creative Mode]
[18:11:57] [Server thread/INFO]: Pavel fell from a high place
[18:11:58] [Server thread/WARN]: Pavel moved too quickly! 101.84751740209202,-0.9375,49.59593397298272
[18:11:58] [Server thread/WARN]: Pavel moved too quickly! 101.84751740209202,-0.9375,49.59593397298272
[18:11:58] [Server thread/WARN]: Pavel moved too quickly! 101.84751740209202,-0.9375,49.59593397298272
[18:12:07] [Server thread/INFO]: [RononZra: Set own game mode to Survival Mode]
[18:12:23] [Server thread/INFO]: [RononZra: Set own game mode to Creative Mode]
[18:12:31] [Server thread/INFO]: [RononZra: Set own game mode to Survival Mode]
[18:13:29] [Server thread/INFO]: [RononZra: Set own game mode to Creative Mode]
[18:13:34] [Server thread/INFO]: [RononZra: Set own game mode to Survival Mode]
[18:14:35] [Server thread/INFO]: [RononZra: Set own game mode to Creative Mode]
[18:15:03] [Server thread/INFO]: [Not Secure] <Pavel> tu fais auoi
[18:15:09] [Server thread/INFO]: [Not Secure] <Pavel> quoi
[18:15:16] [Server thread/INFO]: [Not Secure] <RononZra> je construis
[18:15:25] [Server thread/INFO]: [Not Secure] <Pavel> quoi
[18:15:40] [Server thread/INFO]: [Not Secure] <RononZra> un chateau
[18:16:16] [Server thread/INFO]: [Not Secure] <Pavel> ton palais te sufi pas
[18:17:30] [Server thread/INFO]: [RononZra: Set own game mode to Survival Mode]
[18:17:33] [Server thread/INFO]: [Not Secure] <RononZra> non
[18:17:45] [Server thread/INFO]: [Not Secure] <RononZra> elle est ou ta ferme a laine
[18:17:55] [Server thread/INFO]: [RononZra: Set own game mode to Spectator Mode]
[18:17:56] [Server thread/WARN]: RononZra moved too quickly! -200.71414674335628,0.0,36.57616250279057
[18:18:07] [Server thread/INFO]: [Not Secure] <Pavel> elle ne march pas
[18:18:28] [Server thread/INFO]: [Not Secure] <Pavel> elle na jamais marcher
[18:19:15] [Server thread/INFO]: [Not Secure] <Pavel> mais j ai fais une ferme a pastec
[18:19:22] [Server thread/INFO]: [RononZra: Set own game mode to Survival Mode]
[18:19:55] [Server thread/INFO]: [RononZra: Set own game mode to Spectator Mode]
[18:19:56] [Server thread/INFO]: [RononZra: Set own game mode to Creative Mode]
[18:20:18] [Server thread/INFO]: [Not Secure] <Pavel> comment on fais une ferme a canne a sucre
[18:21:34] [Server thread/INFO]: [RononZra: Set own game mode to Spectator Mode]
[18:21:35] [Server thread/INFO]: [RononZra: Set own game mode to Survival Mode]
[18:24:11] [Server thread/INFO]: [Not Secure] <Pavel> sinon ma ferme a laine et la ou je suis
[18:24:30] [Server thread/INFO]: [Not Secure] <RononZra> ba si elle marche pas je vais prendre sur les mouton au village
[18:24:46] [Server thread/INFO]: [Not Secure] <Pavel> ok
[18:25:27] [Server thread/INFO]: [RononZra: Set own game mode to Spectator Mode]
[18:27:25] [Server thread/INFO]: [RononZra: Set own game mode to Survival Mode]
[18:27:37] [Server thread/INFO]: [RononZra: Set own game mode to Spectator Mode]
[18:27:38] [Server thread/INFO]: [RononZra: Set own game mode to Creative Mode]
[18:27:44] [Server thread/INFO]: [RononZra: Set own game mode to Spectator Mode]
[18:27:45] [Server thread/INFO]: [RononZra: Set own game mode to Creative Mode]
[18:27:45] [Server thread/INFO]: [RononZra: Set own game mode to Survival Mode]
[18:28:52] [Server thread/INFO]: [Not Secure] <Pavel> tu as des bibliotec pour ;oi
[18:28:57] [Server thread/INFO]: [Not Secure] <Pavel> moi
[18:29:01] [Server thread/INFO]: [Not Secure] <RononZra> combien
[18:29:35] [Server thread/WARN]: Mismatch in destroy block pos: hx{x=-12, y=65, z=1339} hx{x=-12, y=65, z=1336}
[18:29:35] [Server thread/WARN]: Mismatch in destroy block pos: hx{x=-12, y=65, z=1339} hx{x=-12, y=65, z=1336}
[18:29:35] [Server thread/WARN]: Mismatch in destroy block pos: hx{x=-12, y=65, z=1339} hx{x=-12, y=65, z=1336}
[18:29:35] [Server thread/WARN]: Mismatch in destroy block pos: hx{x=-12, y=65, z=1339} hx{x=-12, y=65, z=1336}
[18:29:35] [Server thread/WARN]: Mismatch in destroy block pos: hx{x=-12, y=65, z=1339} hx{x=-12, y=65, z=1336}
[18:29:35] [Server thread/WARN]: Mismatch in destroy block pos: hx{x=-12, y=65, z=1339} hx{x=-12, y=65, z=1336}
[18:29:35] [Server thread/WARN]: Mismatch in destroy block pos: hx{x=-12, y=65, z=1339} hx{x=-12, y=65, z=1336}
[18:29:36] [Server thread/WARN]: Mismatch in destroy block pos: hx{x=-12, y=65, z=1339} hx{x=-12, y=65, z=1336}
[18:29:36] [Server thread/WARN]: Mismatch in destroy block pos: hx{x=-12, y=65, z=1339} hx{x=-12, y=65, z=1336}
[18:30:11] [Server thread/INFO]: [RononZra: Set own game mode to Creative Mode]
[18:30:27] [Server thread/INFO]: [RononZra: Set own game mode to Survival Mode]
[18:30:57] [Server thread/INFO]: [RononZra: Set own game mode to Creative Mode]
[18:31:01] [Server thread/INFO]: [RononZra: Set own game mode to Survival Mode]
[18:31:27] [Server thread/INFO]: [Not Secure] <Pavel> un
[18:31:45] [Server thread/INFO]: [RononZra: Teleported RononZra to Pavel]
[18:31:59] [Server thread/INFO]: [Not Secure] <Pavel> des
[18:32:05] [Server thread/INFO]: [Not Secure] <Pavel> pas un
[18:32:15] [Server thread/INFO]: [Not Secure] <RononZra> ba tu m'a dit un
[18:32:39] [Server thread/INFO]: [Not Secure] <Pavel> 13
[18:32:47] [Server thread/INFO]: [Not Secure] <RononZra> jai que ca
[18:32:57] [Server thread/INFO]: [Not Secure] <Pavel> ok ;erci
[18:33:02] [Server thread/INFO]: [RononZra: Set own game mode to Spectator Mode]
[18:33:04] [Server thread/INFO]: [Not Secure] <Pavel> merci
[18:33:06] [Server thread/INFO]: [RononZra: Set own game mode to Survival Mode]
[18:34:02] [Server thread/INFO]: [RononZra: Set own game mode to Spectator Mode]
[18:34:07] [Server thread/INFO]: [RononZra: Set own game mode to Survival Mode]
[18:34:50] [Server thread/INFO]: [RononZra: Set own game mode to Spectator Mode]
[18:34:58] [Server thread/INFO]: [RononZra: Set own game mode to Survival Mode]
[18:36:06] [Server thread/INFO]: Villager cev['Librarian'/442033, l='ServerLevel[world]', x=-48.30, y=63.00, z=1348.30] died, message: 'Librarian was slain by Pavel'
[18:37:27] [Server thread/INFO]: [RononZra: Set own game mode to Creative Mode]
[18:37:31] [Server thread/INFO]: [RononZra: Set own game mode to Survival Mode]
[18:37:43] [Server thread/INFO]: [RononZra: Set own game mode to Creative Mode]
[18:37:45] [Server thread/INFO]: [RononZra: Set own game mode to Survival Mode]
[18:39:41] [Server thread/INFO]: [RononZra: Set own game mode to Creative Mode]
[18:39:46] [Server thread/INFO]: [RononZra: Set own game mode to Survival Mode]
[18:39:59] [Server thread/INFO]: [RononZra: Set own game mode to Creative Mode]
[18:40:06] [Server thread/INFO]: [RononZra: Set own game mode to Survival Mode]
[18:40:37] [Server thread/INFO]: [RononZra: Set the weather to clear]
[18:42:04] [Server thread/INFO]: [RononZra: Set own game mode to Creative Mode]
[18:42:06] [Server thread/INFO]: [RononZra: Set own game mode to Survival Mode]
[18:42:17] [Server thread/INFO]: [Not Secure] <Pavel> je npeut utiliser tes villageoi pour des livre racomodage
[18:42:28] [Server thread/INFO]: [Not Secure] <Pavel> stp
[18:42:32] [Server thread/INFO]: [Not Secure] <RononZra> t'en a pas toi?
[18:42:56] [Server thread/INFO]: [Not Secure] <Pavel> si mes c 36 emerode pour un
[18:43:34] [Server thread/INFO]: [Not Secure] <Pavel> je peut
[18:43:36] [Server thread/INFO]: [Not Secure] <RononZra> dans la ferm a or y'a plein de chair de zombie dans les coffres et des villageois dans les coins tu peux leur vendre la chair
[18:44:05] [Server thread/INFO]: [Not Secure] <RononZra> parceque la reduction de mes villageois tu l'aura pas parceque c'est moi qui les ai soign
[18:44:31] [Server thread/INFO]: [Not Secure] <Pavel> je l'ai can meme
[18:44:36] [Server thread/INFO]: [RononZra: Set own game mode to Spectator Mode]
[18:44:37] [Server thread/WARN]: RononZra moved too quickly! 22.40714740422279,19.0,183.72593653259923
[18:44:52] [Server thread/INFO]: [RononZra: Set own game mode to Survival Mode]
[18:44:56] [Server thread/INFO]: [RononZra: Set own game mode to Creative Mode]
[18:44:58] [Server thread/INFO]: [RononZra: Set own game mode to Survival Mode]
[18:47:37] [Server thread/INFO]: [RononZra: Set own game mode to Creative Mode]
[18:47:54] [Server thread/INFO]: [RononZra: Set own game mode to Survival Mode]
[18:49:08] [Server thread/INFO]: [RononZra: Set own game mode to Creative Mode]
[18:49:14] [Server thread/INFO]: [RononZra: Set own game mode to Survival Mode]
[18:51:14] [Server thread/INFO]: [RononZra: Set own game mode to Creative Mode]
[18:51:20] [Server thread/INFO]: [RononZra: Set own game mode to Survival Mode]
[18:55:22] [Server thread/INFO]: Pavel fell from a high place
[19:03:19] [Server thread/INFO]: Pavel fell from a high place
[19:05:51] [Server thread/INFO]: [RononZra: Set own game mode to Creative Mode]
[19:05:54] [Server thread/INFO]: [RononZra: Set own game mode to Survival Mode]
[19:06:18] [Server thread/INFO]: Pavel has completed the challenge [Cover Me in Debris]
[19:07:15] [Server thread/INFO]: [Not Secure] <Pavel> je suis full nezerite racomodage
[19:07:21] [Server thread/INFO]: [Not Secure] <RononZra> gg
[19:08:02] [Server thread/INFO]: [Not Secure] <Pavel> j'ai plus de neserite je suis deg
[19:08:19] [Server thread/INFO]: [Not Secure] <RononZra> retourne miner
[19:08:37] [Server thread/INFO]: [Not Secure] <Pavel> j'ai plus de lit
[19:09:06] [Server thread/INFO]: [RononZra: Set own game mode to Creative Mode]
[19:12:40] [Server thread/INFO]: [Not Secure] <Pavel> tu as du bois stp
[19:13:02] [Server thread/INFO]: [Not Secure] <RononZra> non
[19:13:57] [Server thread/INFO]: [RononZra: Set own game mode to Survival Mode]
[19:14:02] [Server thread/INFO]: [RononZra: Set own game mode to Creative Mode]
[19:14:07] [Server thread/INFO]: [RononZra: Set own game mode to Survival Mode]
[19:14:08] [Server thread/INFO]: Pavel fell from a high place
[19:14:32] [Server thread/INFO]: Diane[/90.70.168.221:50209] logged in with entity id 478769 at (-138.50036135775278, 70.0, 1426.0383550585245)
[19:14:32] [Server thread/INFO]: Diane joined the game
[19:15:50] [Server thread/INFO]: [RononZra: Set own game mode to Spectator Mode]
[19:16:09] [Server thread/INFO]: [RononZra: Set own game mode to Creative Mode]
[19:16:37] [Server thread/INFO]: Pavel fell from a high place
